2022-08-30 20:48:33.151 WARN  [APP_NAME_IS_UNDEFINED,,,] 35940 --- [                SpringApplicationShutdownHook] [org.springframework.context.annotation.CommonAnnotationBeanPostProcessor.postProcessBeforeDestruction:185] :Destroy method on bean with name 'shutdownManager' threw an exception: java.lang.ExceptionInInitializerError
2022-08-30 21:01:25.701 WARN  [APP_NAME_IS_UNDEFINED,,,] 67334 --- [                                         main] [com.baomidou.mybatisplus.core.metadata.TableInfoHelper.initTableFields:342]                         :Can not find table primary key in Class: "com.xll.data.stream.manager.domain.aggregate.system.entity.SysRoleDept".
2022-08-30 21:01:25.702 WARN  [APP_NAME_IS_UNDEFINED,,,] 67334 --- [                                         main] [com.baomidou.mybatisplus.core.injector.DefaultSqlInjector.getMethodList:56]                         :class com.xll.data.stream.manager.domain.aggregate.system.entity.SysRoleDept ,Not found @TableId annotation, Cannot use Mybatis-Plus 'xxById' Method.
2022-08-30 21:01:25.734 WARN  [APP_NAME_IS_UNDEFINED,,,] 67334 --- [                                         main] [com.baomidou.mybatisplus.core.metadata.TableInfoHelper.initTableFields:342]                         :Can not find table primary key in Class: "com.xll.data.stream.manager.domain.aggregate.system.entity.SysRoleMenu".
2022-08-30 21:01:25.734 WARN  [APP_NAME_IS_UNDEFINED,,,] 67334 --- [                                         main] [com.baomidou.mybatisplus.core.injector.DefaultSqlInjector.getMethodList:56]                         :class com.xll.data.stream.manager.domain.aggregate.system.entity.SysRoleMenu ,Not found @TableId annotation, Cannot use Mybatis-Plus 'xxById' Method.
2022-08-30 21:01:25.803 WARN  [APP_NAME_IS_UNDEFINED,,,] 67334 --- [                                         main] [com.baomidou.mybatisplus.core.metadata.TableInfoHelper.initTableFields:342]                         :Can not find table primary key in Class: "com.xll.data.stream.manager.domain.aggregate.system.entity.SysUserPost".
2022-08-30 21:01:25.803 WARN  [APP_NAME_IS_UNDEFINED,,,] 67334 --- [                                         main] [com.baomidou.mybatisplus.core.injector.DefaultSqlInjector.getMethodList:56]                         :class com.xll.data.stream.manager.domain.aggregate.system.entity.SysUserPost ,Not found @TableId annotation, Cannot use Mybatis-Plus 'xxById' Method.
2022-08-30 21:01:25.834 WARN  [APP_NAME_IS_UNDEFINED,,,] 67334 --- [                                         main] [com.baomidou.mybatisplus.core.metadata.TableInfoHelper.initTableFields:342]                         :Can not find table primary key in Class: "com.xll.data.stream.manager.domain.aggregate.system.entity.SysUserRole".
2022-08-30 21:01:25.834 WARN  [APP_NAME_IS_UNDEFINED,,,] 67334 --- [                                         main] [com.baomidou.mybatisplus.core.injector.DefaultSqlInjector.getMethodList:56]                         :class com.xll.data.stream.manager.domain.aggregate.system.entity.SysUserRole ,Not found @TableId annotation, Cannot use Mybatis-Plus 'xxById' Method.
2022-08-30 21:14:38.858 WARN  [APP_NAME_IS_UNDEFINED,,,] 70193 --- [                                         main] [com.baomidou.mybatisplus.core.metadata.TableInfoHelper.initTableFields:342]                         :Can not find table primary key in Class: "com.xll.data.stream.manager.domain.aggregate.system.entity.SysRoleDept".
2022-08-30 21:14:38.859 WARN  [APP_NAME_IS_UNDEFINED,,,] 70193 --- [                                         main] [com.baomidou.mybatisplus.core.injector.DefaultSqlInjector.getMethodList:56]                         :class com.xll.data.stream.manager.domain.aggregate.system.entity.SysRoleDept ,Not found @TableId annotation, Cannot use Mybatis-Plus 'xxById' Method.
2022-08-30 21:14:38.890 WARN  [APP_NAME_IS_UNDEFINED,,,] 70193 --- [                                         main] [com.baomidou.mybatisplus.core.metadata.TableInfoHelper.initTableFields:342]                         :Can not find table primary key in Class: "com.xll.data.stream.manager.domain.aggregate.system.entity.SysRoleMenu".
2022-08-30 21:14:38.890 WARN  [APP_NAME_IS_UNDEFINED,,,] 70193 --- [                                         main] [com.baomidou.mybatisplus.core.injector.DefaultSqlInjector.getMethodList:56]                         :class com.xll.data.stream.manager.domain.aggregate.system.entity.SysRoleMenu ,Not found @TableId annotation, Cannot use Mybatis-Plus 'xxById' Method.
2022-08-30 21:14:38.921 WARN  [APP_NAME_IS_UNDEFINED,,,] 70193 --- [                                         main] [com.baomidou.mybatisplus.core.metadata.TableInfoHelper.initTableFields:342]                         :Can not find table primary key in Class: "com.xll.data.stream.manager.domain.aggregate.system.entity.SysUserPost".
2022-08-30 21:14:38.921 WARN  [APP_NAME_IS_UNDEFINED,,,] 70193 --- [                                         main] [com.baomidou.mybatisplus.core.injector.DefaultSqlInjector.getMethodList:56]                         :class com.xll.data.stream.manager.domain.aggregate.system.entity.SysUserPost ,Not found @TableId annotation, Cannot use Mybatis-Plus 'xxById' Method.
2022-08-30 21:14:38.952 WARN  [APP_NAME_IS_UNDEFINED,,,] 70193 --- [                                         main] [com.baomidou.mybatisplus.core.metadata.TableInfoHelper.initTableFields:342]                         :Can not find table primary key in Class: "com.xll.data.stream.manager.domain.aggregate.system.entity.SysUserRole".
2022-08-30 21:14:38.953 WARN  [APP_NAME_IS_UNDEFINED,,,] 70193 --- [                                         main] [com.baomidou.mybatisplus.core.injector.DefaultSqlInjector.getMethodList:56]                         :class com.xll.data.stream.manager.domain.aggregate.system.entity.SysUserRole ,Not found @TableId annotation, Cannot use Mybatis-Plus 'xxById' Method.
2022-08-30 21:14:40.106 WARN  [APP_NAME_IS_UNDEFINED,,,] 70193 --- [                                         main] [org.springframework.boot.web.servlet.context.AnnotationConfigServletWebServerApplicationContext.refresh:591] :Exception encountered during context initialization - cancelling refresh attempt: org.springframework.beans.factory.UnsatisfiedDependencyException: Error creating bean with name 'sysLoginService': Unsatisfied dependency expressed through field 'sysUserDao'; nested exception is org.springframework.beans.factory.NoSuchBeanDefinitionException: No qualifying bean of type 'com.xll.data.stream.manager.domain.aggregate.system.dao.SysUserDao' available: expected at least 1 bean which qualifies as autowire candidate. Dependency annotations: {@org.springframework.beans.factory.annotation.Autowired(required=true)}
2022-08-30 21:14:40.107 WARN  [APP_NAME_IS_UNDEFINED,,,] 70193 --- [                                         main] [org.springframework.context.annotation.CommonAnnotationBeanPostProcessor.postProcessBeforeDestruction:185] :Destroy method on bean with name 'shutdownManager' threw an exception: java.lang.ExceptionInInitializerError
2022-08-30 21:15:48.504 WARN  [APP_NAME_IS_UNDEFINED,,,] 70429 --- [                                         main] [com.baomidou.mybatisplus.core.metadata.TableInfoHelper.initTableFields:342]                         :Can not find table primary key in Class: "com.xll.data.stream.manager.domain.aggregate.system.entity.SysRoleDept".
2022-08-30 21:15:48.505 WARN  [APP_NAME_IS_UNDEFINED,,,] 70429 --- [                                         main] [com.baomidou.mybatisplus.core.injector.DefaultSqlInjector.getMethodList:56]                         :class com.xll.data.stream.manager.domain.aggregate.system.entity.SysRoleDept ,Not found @TableId annotation, Cannot use Mybatis-Plus 'xxById' Method.
2022-08-30 21:15:48.538 WARN  [APP_NAME_IS_UNDEFINED,,,] 70429 --- [                                         main] [com.baomidou.mybatisplus.core.metadata.TableInfoHelper.initTableFields:342]                         :Can not find table primary key in Class: "com.xll.data.stream.manager.domain.aggregate.system.entity.SysRoleMenu".
2022-08-30 21:15:48.538 WARN  [APP_NAME_IS_UNDEFINED,,,] 70429 --- [                                         main] [com.baomidou.mybatisplus.core.injector.DefaultSqlInjector.getMethodList:56]                         :class com.xll.data.stream.manager.domain.aggregate.system.entity.SysRoleMenu ,Not found @TableId annotation, Cannot use Mybatis-Plus 'xxById' Method.
2022-08-30 21:15:48.571 WARN  [APP_NAME_IS_UNDEFINED,,,] 70429 --- [                                         main] [com.baomidou.mybatisplus.core.metadata.TableInfoHelper.initTableFields:342]                         :Can not find table primary key in Class: "com.xll.data.stream.manager.domain.aggregate.system.entity.SysUserPost".
2022-08-30 21:15:48.571 WARN  [APP_NAME_IS_UNDEFINED,,,] 70429 --- [                                         main] [com.baomidou.mybatisplus.core.injector.DefaultSqlInjector.getMethodList:56]                         :class com.xll.data.stream.manager.domain.aggregate.system.entity.SysUserPost ,Not found @TableId annotation, Cannot use Mybatis-Plus 'xxById' Method.
2022-08-30 21:15:48.602 WARN  [APP_NAME_IS_UNDEFINED,,,] 70429 --- [                                         main] [com.baomidou.mybatisplus.core.metadata.TableInfoHelper.initTableFields:342]                         :Can not find table primary key in Class: "com.xll.data.stream.manager.domain.aggregate.system.entity.SysUserRole".
2022-08-30 21:15:48.603 WARN  [APP_NAME_IS_UNDEFINED,,,] 70429 --- [                                         main] [com.baomidou.mybatisplus.core.injector.DefaultSqlInjector.getMethodList:56]                         :class com.xll.data.stream.manager.domain.aggregate.system.entity.SysUserRole ,Not found @TableId annotation, Cannot use Mybatis-Plus 'xxById' Method.
2022-08-30 21:22:39.670 WARN  [APP_NAME_IS_UNDEFINED,,,] 71900 --- [                                         main] [com.baomidou.mybatisplus.core.metadata.TableInfoHelper.initTableFields:342]                         :Can not find table primary key in Class: "com.xll.data.stream.manager.domain.aggregate.system.entity.SysRoleDept".
2022-08-30 21:22:39.671 WARN  [APP_NAME_IS_UNDEFINED,,,] 71900 --- [                                         main] [com.baomidou.mybatisplus.core.injector.DefaultSqlInjector.getMethodList:56]                         :class com.xll.data.stream.manager.domain.aggregate.system.entity.SysRoleDept ,Not found @TableId annotation, Cannot use Mybatis-Plus 'xxById' Method.
2022-08-30 21:22:39.744 WARN  [APP_NAME_IS_UNDEFINED,,,] 71900 --- [                                         main] [com.baomidou.mybatisplus.core.metadata.TableInfoHelper.initTableFields:342]                         :Can not find table primary key in Class: "com.xll.data.stream.manager.domain.aggregate.system.entity.SysRoleMenu".
2022-08-30 21:22:39.745 WARN  [APP_NAME_IS_UNDEFINED,,,] 71900 --- [                                         main] [com.baomidou.mybatisplus.core.injector.DefaultSqlInjector.getMethodList:56]                         :class com.xll.data.stream.manager.domain.aggregate.system.entity.SysRoleMenu ,Not found @TableId annotation, Cannot use Mybatis-Plus 'xxById' Method.
2022-08-30 21:22:39.810 WARN  [APP_NAME_IS_UNDEFINED,,,] 71900 --- [                                         main] [com.baomidou.mybatisplus.core.metadata.TableInfoHelper.initTableFields:342]                         :Can not find table primary key in Class: "com.xll.data.stream.manager.domain.aggregate.system.entity.SysUserPost".
2022-08-30 21:22:39.810 WARN  [APP_NAME_IS_UNDEFINED,,,] 71900 --- [                                         main] [com.baomidou.mybatisplus.core.injector.DefaultSqlInjector.getMethodList:56]                         :class com.xll.data.stream.manager.domain.aggregate.system.entity.SysUserPost ,Not found @TableId annotation, Cannot use Mybatis-Plus 'xxById' Method.
2022-08-30 21:22:39.834 WARN  [APP_NAME_IS_UNDEFINED,,,] 71900 --- [                                         main] [com.baomidou.mybatisplus.core.metadata.TableInfoHelper.initTableFields:342]                         :Can not find table primary key in Class: "com.xll.data.stream.manager.domain.aggregate.system.entity.SysUserRole".
2022-08-30 21:22:39.834 WARN  [APP_NAME_IS_UNDEFINED,,,] 71900 --- [                                         main] [com.baomidou.mybatisplus.core.injector.DefaultSqlInjector.getMethodList:56]                         :class com.xll.data.stream.manager.domain.aggregate.system.entity.SysUserRole ,Not found @TableId annotation, Cannot use Mybatis-Plus 'xxById' Method.
2022-08-30 21:30:02.889 WARN  [APP_NAME_IS_UNDEFINED,,,] 73445 --- [                                         main] [com.baomidou.mybatisplus.core.metadata.TableInfoHelper.initTableFields:342]                         :Can not find table primary key in Class: "com.xll.data.stream.manager.domain.aggregate.system.entity.SysRoleDept".
2022-08-30 21:30:02.889 WARN  [APP_NAME_IS_UNDEFINED,,,] 73445 --- [                                         main] [com.baomidou.mybatisplus.core.injector.DefaultSqlInjector.getMethodList:56]                         :class com.xll.data.stream.manager.domain.aggregate.system.entity.SysRoleDept ,Not found @TableId annotation, Cannot use Mybatis-Plus 'xxById' Method.
2022-08-30 21:30:02.927 WARN  [APP_NAME_IS_UNDEFINED,,,] 73445 --- [                                         main] [com.baomidou.mybatisplus.core.metadata.TableInfoHelper.initTableFields:342]                         :Can not find table primary key in Class: "com.xll.data.stream.manager.domain.aggregate.system.entity.SysRoleMenu".
2022-08-30 21:30:02.927 WARN  [APP_NAME_IS_UNDEFINED,,,] 73445 --- [                                         main] [com.baomidou.mybatisplus.core.injector.DefaultSqlInjector.getMethodList:56]                         :class com.xll.data.stream.manager.domain.aggregate.system.entity.SysRoleMenu ,Not found @TableId annotation, Cannot use Mybatis-Plus 'xxById' Method.
2022-08-30 21:30:02.970 WARN  [APP_NAME_IS_UNDEFINED,,,] 73445 --- [                                         main] [com.baomidou.mybatisplus.core.metadata.TableInfoHelper.initTableFields:342]                         :Can not find table primary key in Class: "com.xll.data.stream.manager.domain.aggregate.system.entity.SysUserPost".
2022-08-30 21:30:02.971 WARN  [APP_NAME_IS_UNDEFINED,,,] 73445 --- [                                         main] [com.baomidou.mybatisplus.core.injector.DefaultSqlInjector.getMethodList:56]                         :class com.xll.data.stream.manager.domain.aggregate.system.entity.SysUserPost ,Not found @TableId annotation, Cannot use Mybatis-Plus 'xxById' Method.
2022-08-30 21:30:02.986 WARN  [APP_NAME_IS_UNDEFINED,,,] 73445 --- [                                         main] [com.baomidou.mybatisplus.core.metadata.TableInfoHelper.initTableFields:342]                         :Can not find table primary key in Class: "com.xll.data.stream.manager.domain.aggregate.system.entity.SysUserRole".
2022-08-30 21:30:02.987 WARN  [APP_NAME_IS_UNDEFINED,,,] 73445 --- [                                         main] [com.baomidou.mybatisplus.core.injector.DefaultSqlInjector.getMethodList:56]                         :class com.xll.data.stream.manager.domain.aggregate.system.entity.SysUserRole ,Not found @TableId annotation, Cannot use Mybatis-Plus 'xxById' Method.
2022-08-30 21:31:09.449 WARN  [APP_NAME_IS_UNDEFINED,,,] 73445 --- [                         http-nio-8080-exec-9] [com.github.pagehelper.parser.OrderByParser.converToOrderBySql:67]                                   :处理排序失败: net.sf.jsqlparser.JSQLParserException: Encountered unexpected token: "ur" <K_ISOLATION>
    at line 4, column 34.

Was expecting one of:

    ";"
    "ACTION"
    "ACTIVE"
    "ALGORITHM"
    "ARCHIVE"
    "ARRAY"
    "AS"
    "AT"
    "BYTE"
    "CASCADE"
    "CASE"
    "CAST"
    "CHANGE"
    "CHAR"
    "CHARACTER"
    "CHECKPOINT"
    "COLUMN"
    "COLUMNS"
    "COMMENT"
    "COMMIT"
    "CONNECT"
    "COSTS"
    "CYCLE"
    "DBA_RECYCLEBIN"
    "DEFAULT"
    "DESC"
    "DESCRIBE"
    "DISABLE"
    "DISCONNECT"
    "DIV"
    "DO"
    "DUMP"
    "DUPLICATE"
    "EMIT"
    "ENABLE"
    "END"
    "EXCLUDE"
    "EXTRACT"
    "FALSE"
    "FILTER"
    "FIRST"
    "FLUSH"
    "FN"
    "FOLLOWING"
    "FORMAT"
    "FULLTEXT"
    "GROUP"
    "HAVING"
    "HISTORY"
    "INDEX"
    "INSERT"
    "INTERVAL"
    "ISNULL"
    "JSON"
    "KEY"
    "LAST"
    "LEADING"
    "LINK"
    "LOCAL"
    "LOG"
    "MATERIALIZED"
    "NO"
    "NOLOCK"
    "NULLS"
    "OF"
    "OPEN"
    "OVER"
    "PARALLEL"
    "PARTITION"
    "PATH"
    "PERCENT"
    "PIVOT"
    "PRECISION"
    "PRIMARY"
    "PRIOR"
    "QUERY"
    "QUIESCE"
    "RANGE"
    "READ"
    "RECYCLEBIN"
    "REGISTER"
    "REPLACE"
    "RESTRICTED"
    "RESUME"
    "ROW"
    "ROWS"
    "SCHEMA"
    "SEPARATOR"
    "SEQUENCE"
    "SESSION"
    "SHUTDOWN"
    "SIBLINGS"
    "SIGNED"
    "SIZE"
    "SKIP"
    "START"
    "SUSPEND"
    "SWITCH"
    "SYNONYM"
    "SYSTEM"
    "TABLE"
    "TABLESPACE"
    "TEMP"
    "TEMPORARY"
    "TIMEOUT"
    "TO"
    "TOP"
    "TRUE"
    "TRUNCATE"
    "TRY_CAST"
    "TYPE"
    "UNQIESCE"
    "UNSIGNED"
    "USER"
    "VALIDATE"
    "VALUE"
    "VALUES"
    "VIEW"
    "WINDOW"
    "XML"
    "ZONE"
    <EOF>
    <K_DATETIMELITERAL>
    <K_DATE_LITERAL>
    <K_NEXTVAL>
    <K_STRING_FUNCTION_NAME>
    <S_CHAR_LITERAL>
    <S_IDENTIFIER>
    <S_QUOTED_IDENTIFIER>
，降级为直接拼接 order by 参数
2022-08-30 21:32:44.915 WARN  [APP_NAME_IS_UNDEFINED,,,] 73445 --- [                        http-nio-8080-exec-17] [com.github.pagehelper.parser.OrderByParser.converToOrderBySql:67]                                   :处理排序失败: net.sf.jsqlparser.JSQLParserException: Encountered unexpected token: "ur" <K_ISOLATION>
    at line 4, column 34.

Was expecting one of:

    ";"
    "ACTION"
    "ACTIVE"
    "ALGORITHM"
    "ARCHIVE"
    "ARRAY"
    "AS"
    "AT"
    "BYTE"
    "CASCADE"
    "CASE"
    "CAST"
    "CHANGE"
    "CHAR"
    "CHARACTER"
    "CHECKPOINT"
    "COLUMN"
    "COLUMNS"
    "COMMENT"
    "COMMIT"
    "CONNECT"
    "COSTS"
    "CYCLE"
    "DBA_RECYCLEBIN"
    "DEFAULT"
    "DESC"
    "DESCRIBE"
    "DISABLE"
    "DISCONNECT"
    "DIV"
    "DO"
    "DUMP"
    "DUPLICATE"
    "EMIT"
    "ENABLE"
    "END"
    "EXCLUDE"
    "EXTRACT"
    "FALSE"
    "FILTER"
    "FIRST"
    "FLUSH"
    "FN"
    "FOLLOWING"
    "FORMAT"
    "FULLTEXT"
    "GROUP"
    "HAVING"
    "HISTORY"
    "INDEX"
    "INSERT"
    "INTERVAL"
    "ISNULL"
    "JSON"
    "KEY"
    "LAST"
    "LEADING"
    "LINK"
    "LOCAL"
    "LOG"
    "MATERIALIZED"
    "NO"
    "NOLOCK"
    "NULLS"
    "OF"
    "OPEN"
    "OVER"
    "PARALLEL"
    "PARTITION"
    "PATH"
    "PERCENT"
    "PIVOT"
    "PRECISION"
    "PRIMARY"
    "PRIOR"
    "QUERY"
    "QUIESCE"
    "RANGE"
    "READ"
    "RECYCLEBIN"
    "REGISTER"
    "REPLACE"
    "RESTRICTED"
    "RESUME"
    "ROW"
    "ROWS"
    "SCHEMA"
    "SEPARATOR"
    "SEQUENCE"
    "SESSION"
    "SHUTDOWN"
    "SIBLINGS"
    "SIGNED"
    "SIZE"
    "SKIP"
    "START"
    "SUSPEND"
    "SWITCH"
    "SYNONYM"
    "SYSTEM"
    "TABLE"
    "TABLESPACE"
    "TEMP"
    "TEMPORARY"
    "TIMEOUT"
    "TO"
    "TOP"
    "TRUE"
    "TRUNCATE"
    "TRY_CAST"
    "TYPE"
    "UNQIESCE"
    "UNSIGNED"
    "USER"
    "VALIDATE"
    "VALUE"
    "VALUES"
    "VIEW"
    "WINDOW"
    "XML"
    "ZONE"
    <EOF>
    <K_DATETIMELITERAL>
    <K_DATE_LITERAL>
    <K_NEXTVAL>
    <K_STRING_FUNCTION_NAME>
    <S_CHAR_LITERAL>
    <S_IDENTIFIER>
    <S_QUOTED_IDENTIFIER>
，降级为直接拼接 order by 参数
2022-08-30 21:45:25.816 WARN  [APP_NAME_IS_UNDEFINED,,,] 76649 --- [                                         main] [com.baomidou.mybatisplus.core.metadata.TableInfoHelper.initTableFields:342]                         :Can not find table primary key in Class: "com.xll.data.stream.manager.domain.aggregate.system.entity.SysRoleDept".
2022-08-30 21:45:25.816 WARN  [APP_NAME_IS_UNDEFINED,,,] 76649 --- [                                         main] [com.baomidou.mybatisplus.core.injector.DefaultSqlInjector.getMethodList:56]                         :class com.xll.data.stream.manager.domain.aggregate.system.entity.SysRoleDept ,Not found @TableId annotation, Cannot use Mybatis-Plus 'xxById' Method.
2022-08-30 21:45:25.858 WARN  [APP_NAME_IS_UNDEFINED,,,] 76649 --- [                                         main] [com.baomidou.mybatisplus.core.metadata.TableInfoHelper.initTableFields:342]                         :Can not find table primary key in Class: "com.xll.data.stream.manager.domain.aggregate.system.entity.SysRoleMenu".
2022-08-30 21:45:25.858 WARN  [APP_NAME_IS_UNDEFINED,,,] 76649 --- [                                         main] [com.baomidou.mybatisplus.core.injector.DefaultSqlInjector.getMethodList:56]                         :class com.xll.data.stream.manager.domain.aggregate.system.entity.SysRoleMenu ,Not found @TableId annotation, Cannot use Mybatis-Plus 'xxById' Method.
2022-08-30 21:45:25.908 WARN  [APP_NAME_IS_UNDEFINED,,,] 76649 --- [                                         main] [com.baomidou.mybatisplus.core.metadata.TableInfoHelper.initTableFields:342]                         :Can not find table primary key in Class: "com.xll.data.stream.manager.domain.aggregate.system.entity.SysUserPost".
2022-08-30 21:45:25.908 WARN  [APP_NAME_IS_UNDEFINED,,,] 76649 --- [                                         main] [com.baomidou.mybatisplus.core.injector.DefaultSqlInjector.getMethodList:56]                         :class com.xll.data.stream.manager.domain.aggregate.system.entity.SysUserPost ,Not found @TableId annotation, Cannot use Mybatis-Plus 'xxById' Method.
2022-08-30 21:45:25.926 WARN  [APP_NAME_IS_UNDEFINED,,,] 76649 --- [                                         main] [com.baomidou.mybatisplus.core.metadata.TableInfoHelper.initTableFields:342]                         :Can not find table primary key in Class: "com.xll.data.stream.manager.domain.aggregate.system.entity.SysUserRole".
2022-08-30 21:45:25.926 WARN  [APP_NAME_IS_UNDEFINED,,,] 76649 --- [                                         main] [com.baomidou.mybatisplus.core.injector.DefaultSqlInjector.getMethodList:56]                         :class com.xll.data.stream.manager.domain.aggregate.system.entity.SysUserRole ,Not found @TableId annotation, Cannot use Mybatis-Plus 'xxById' Method.
2022-08-30 21:46:49.629 WARN  [APP_NAME_IS_UNDEFINED,,,] 76649 --- [                         http-nio-8080-exec-6] [com.github.pagehelper.parser.OrderByParser.converToOrderBySql:67]                                   :处理排序失败: net.sf.jsqlparser.JSQLParserException: Encountered unexpected token: "ur" <K_ISOLATION>
    at line 4, column 34.

Was expecting one of:

    ";"
    "ACTION"
    "ACTIVE"
    "ALGORITHM"
    "ARCHIVE"
    "ARRAY"
    "AS"
    "AT"
    "BYTE"
    "CASCADE"
    "CASE"
    "CAST"
    "CHANGE"
    "CHAR"
    "CHARACTER"
    "CHECKPOINT"
    "COLUMN"
    "COLUMNS"
    "COMMENT"
    "COMMIT"
    "CONNECT"
    "COSTS"
    "CYCLE"
    "DBA_RECYCLEBIN"
    "DEFAULT"
    "DESC"
    "DESCRIBE"
    "DISABLE"
    "DISCONNECT"
    "DIV"
    "DO"
    "DUMP"
    "DUPLICATE"
    "EMIT"
    "ENABLE"
    "END"
    "EXCLUDE"
    "EXTRACT"
    "FALSE"
    "FILTER"
    "FIRST"
    "FLUSH"
    "FN"
    "FOLLOWING"
    "FORMAT"
    "FULLTEXT"
    "GROUP"
    "HAVING"
    "HISTORY"
    "INDEX"
    "INSERT"
    "INTERVAL"
    "ISNULL"
    "JSON"
    "KEY"
    "LAST"
    "LEADING"
    "LINK"
    "LOCAL"
    "LOG"
    "MATERIALIZED"
    "NO"
    "NOLOCK"
    "NULLS"
    "OF"
    "OPEN"
    "OVER"
    "PARALLEL"
    "PARTITION"
    "PATH"
    "PERCENT"
    "PIVOT"
    "PRECISION"
    "PRIMARY"
    "PRIOR"
    "QUERY"
    "QUIESCE"
    "RANGE"
    "READ"
    "RECYCLEBIN"
    "REGISTER"
    "REPLACE"
    "RESTRICTED"
    "RESUME"
    "ROW"
    "ROWS"
    "SCHEMA"
    "SEPARATOR"
    "SEQUENCE"
    "SESSION"
    "SHUTDOWN"
    "SIBLINGS"
    "SIGNED"
    "SIZE"
    "SKIP"
    "START"
    "SUSPEND"
    "SWITCH"
    "SYNONYM"
    "SYSTEM"
    "TABLE"
    "TABLESPACE"
    "TEMP"
    "TEMPORARY"
    "TIMEOUT"
    "TO"
    "TOP"
    "TRUE"
    "TRUNCATE"
    "TRY_CAST"
    "TYPE"
    "UNQIESCE"
    "UNSIGNED"
    "USER"
    "VALIDATE"
    "VALUE"
    "VALUES"
    "VIEW"
    "WINDOW"
    "XML"
    "ZONE"
    <EOF>
    <K_DATETIMELITERAL>
    <K_DATE_LITERAL>
    <K_NEXTVAL>
    <K_STRING_FUNCTION_NAME>
    <S_CHAR_LITERAL>
    <S_IDENTIFIER>
    <S_QUOTED_IDENTIFIER>
，降级为直接拼接 order by 参数
2022-08-30 21:48:23.470 WARN  [APP_NAME_IS_UNDEFINED,,,] 76649 --- [                SpringApplicationShutdownHook] [org.springframework.context.annotation.CommonAnnotationBeanPostProcessor.postProcessBeforeDestruction:185] :Destroy method on bean with name 'shutdownManager' threw an exception: java.lang.ExceptionInInitializerError
2022-08-30 21:48:41.718 WARN  [APP_NAME_IS_UNDEFINED,,,] 77355 --- [                                         main] [com.baomidou.mybatisplus.core.metadata.TableInfoHelper.initTableFields:342]                         :Can not find table primary key in Class: "com.xll.data.stream.manager.domain.aggregate.system.entity.SysRoleDept".
2022-08-30 21:48:41.719 WARN  [APP_NAME_IS_UNDEFINED,,,] 77355 --- [                                         main] [com.baomidou.mybatisplus.core.injector.DefaultSqlInjector.getMethodList:56]                         :class com.xll.data.stream.manager.domain.aggregate.system.entity.SysRoleDept ,Not found @TableId annotation, Cannot use Mybatis-Plus 'xxById' Method.
2022-08-30 21:48:41.760 WARN  [APP_NAME_IS_UNDEFINED,,,] 77355 --- [                                         main] [com.baomidou.mybatisplus.core.metadata.TableInfoHelper.initTableFields:342]                         :Can not find table primary key in Class: "com.xll.data.stream.manager.domain.aggregate.system.entity.SysRoleMenu".
2022-08-30 21:48:41.760 WARN  [APP_NAME_IS_UNDEFINED,,,] 77355 --- [                                         main] [com.baomidou.mybatisplus.core.injector.DefaultSqlInjector.getMethodList:56]                         :class com.xll.data.stream.manager.domain.aggregate.system.entity.SysRoleMenu ,Not found @TableId annotation, Cannot use Mybatis-Plus 'xxById' Method.
2022-08-30 21:48:41.802 WARN  [APP_NAME_IS_UNDEFINED,,,] 77355 --- [                                         main] [com.baomidou.mybatisplus.core.metadata.TableInfoHelper.initTableFields:342]                         :Can not find table primary key in Class: "com.xll.data.stream.manager.domain.aggregate.system.entity.SysUserPost".
2022-08-30 21:48:41.802 WARN  [APP_NAME_IS_UNDEFINED,,,] 77355 --- [                                         main] [com.baomidou.mybatisplus.core.injector.DefaultSqlInjector.getMethodList:56]                         :class com.xll.data.stream.manager.domain.aggregate.system.entity.SysUserPost ,Not found @TableId annotation, Cannot use Mybatis-Plus 'xxById' Method.
2022-08-30 21:48:41.818 WARN  [APP_NAME_IS_UNDEFINED,,,] 77355 --- [                                         main] [com.baomidou.mybatisplus.core.metadata.TableInfoHelper.initTableFields:342]                         :Can not find table primary key in Class: "com.xll.data.stream.manager.domain.aggregate.system.entity.SysUserRole".
2022-08-30 21:48:41.818 WARN  [APP_NAME_IS_UNDEFINED,,,] 77355 --- [                                         main] [com.baomidou.mybatisplus.core.injector.DefaultSqlInjector.getMethodList:56]                         :class com.xll.data.stream.manager.domain.aggregate.system.entity.SysUserRole ,Not found @TableId annotation, Cannot use Mybatis-Plus 'xxById' Method.
2022-08-30 21:48:54.189 WARN  [APP_NAME_IS_UNDEFINED,,,] 77355 --- [                         http-nio-8080-exec-4] [com.github.pagehelper.parser.OrderByParser.converToOrderBySql:67]                                   :处理排序失败: net.sf.jsqlparser.JSQLParserException: Encountered unexpected token: "ur" <K_ISOLATION>
    at line 4, column 30.

Was expecting one of:

    ";"
    "ACTION"
    "ACTIVE"
    "ALGORITHM"
    "ARCHIVE"
    "ARRAY"
    "AS"
    "AT"
    "BYTE"
    "CASCADE"
    "CASE"
    "CAST"
    "CHANGE"
    "CHAR"
    "CHARACTER"
    "CHECKPOINT"
    "COLUMN"
    "COLUMNS"
    "COMMENT"
    "COMMIT"
    "CONNECT"
    "COSTS"
    "CYCLE"
    "DBA_RECYCLEBIN"
    "DEFAULT"
    "DESC"
    "DESCRIBE"
    "DISABLE"
    "DISCONNECT"
    "DIV"
    "DO"
    "DUMP"
    "DUPLICATE"
    "EMIT"
    "ENABLE"
    "END"
    "EXCLUDE"
    "EXTRACT"
    "FALSE"
    "FILTER"
    "FIRST"
    "FLUSH"
    "FN"
    "FOLLOWING"
    "FORMAT"
    "FULLTEXT"
    "GROUP"
    "HAVING"
    "HISTORY"
    "INDEX"
    "INSERT"
    "INTERVAL"
    "ISNULL"
    "JSON"
    "KEY"
    "LAST"
    "LEADING"
    "LINK"
    "LOCAL"
    "LOG"
    "MATERIALIZED"
    "NO"
    "NOLOCK"
    "NULLS"
    "OF"
    "OPEN"
    "OVER"
    "PARALLEL"
    "PARTITION"
    "PATH"
    "PERCENT"
    "PIVOT"
    "PRECISION"
    "PRIMARY"
    "PRIOR"
    "QUERY"
    "QUIESCE"
    "RANGE"
    "READ"
    "RECYCLEBIN"
    "REGISTER"
    "REPLACE"
    "RESTRICTED"
    "RESUME"
    "ROW"
    "ROWS"
    "SCHEMA"
    "SEPARATOR"
    "SEQUENCE"
    "SESSION"
    "SHUTDOWN"
    "SIBLINGS"
    "SIGNED"
    "SIZE"
    "SKIP"
    "START"
    "SUSPEND"
    "SWITCH"
    "SYNONYM"
    "SYSTEM"
    "TABLE"
    "TABLESPACE"
    "TEMP"
    "TEMPORARY"
    "TIMEOUT"
    "TO"
    "TOP"
    "TRUE"
    "TRUNCATE"
    "TRY_CAST"
    "TYPE"
    "UNQIESCE"
    "UNSIGNED"
    "USER"
    "VALIDATE"
    "VALUE"
    "VALUES"
    "VIEW"
    "WINDOW"
    "XML"
    "ZONE"
    <EOF>
    <K_DATETIMELITERAL>
    <K_DATE_LITERAL>
    <K_NEXTVAL>
    <K_STRING_FUNCTION_NAME>
    <S_CHAR_LITERAL>
    <S_IDENTIFIER>
    <S_QUOTED_IDENTIFIER>
，降级为直接拼接 order by 参数
2022-08-30 21:53:12.926 WARN  [APP_NAME_IS_UNDEFINED,,,] 77355 --- [                         http-nio-8080-exec-8] [com.github.pagehelper.parser.OrderByParser.converToOrderBySql:67]                                   :处理排序失败: net.sf.jsqlparser.JSQLParserException: Encountered unexpected token: "ur" <K_ISOLATION>
    at line 4, column 30.

Was expecting one of:

    ";"
    "ACTION"
    "ACTIVE"
    "ALGORITHM"
    "ARCHIVE"
    "ARRAY"
    "AS"
    "AT"
    "BYTE"
    "CASCADE"
    "CASE"
    "CAST"
    "CHANGE"
    "CHAR"
    "CHARACTER"
    "CHECKPOINT"
    "COLUMN"
    "COLUMNS"
    "COMMENT"
    "COMMIT"
    "CONNECT"
    "COSTS"
    "CYCLE"
    "DBA_RECYCLEBIN"
    "DEFAULT"
    "DESC"
    "DESCRIBE"
    "DISABLE"
    "DISCONNECT"
    "DIV"
    "DO"
    "DUMP"
    "DUPLICATE"
    "EMIT"
    "ENABLE"
    "END"
    "EXCLUDE"
    "EXTRACT"
    "FALSE"
    "FILTER"
    "FIRST"
    "FLUSH"
    "FN"
    "FOLLOWING"
    "FORMAT"
    "FULLTEXT"
    "GROUP"
    "HAVING"
    "HISTORY"
    "INDEX"
    "INSERT"
    "INTERVAL"
    "ISNULL"
    "JSON"
    "KEY"
    "LAST"
    "LEADING"
    "LINK"
    "LOCAL"
    "LOG"
    "MATERIALIZED"
    "NO"
    "NOLOCK"
    "NULLS"
    "OF"
    "OPEN"
    "OVER"
    "PARALLEL"
    "PARTITION"
    "PATH"
    "PERCENT"
    "PIVOT"
    "PRECISION"
    "PRIMARY"
    "PRIOR"
    "QUERY"
    "QUIESCE"
    "RANGE"
    "READ"
    "RECYCLEBIN"
    "REGISTER"
    "REPLACE"
    "RESTRICTED"
    "RESUME"
    "ROW"
    "ROWS"
    "SCHEMA"
    "SEPARATOR"
    "SEQUENCE"
    "SESSION"
    "SHUTDOWN"
    "SIBLINGS"
    "SIGNED"
    "SIZE"
    "SKIP"
    "START"
    "SUSPEND"
    "SWITCH"
    "SYNONYM"
    "SYSTEM"
    "TABLE"
    "TABLESPACE"
    "TEMP"
    "TEMPORARY"
    "TIMEOUT"
    "TO"
    "TOP"
    "TRUE"
    "TRUNCATE"
    "TRY_CAST"
    "TYPE"
    "UNQIESCE"
    "UNSIGNED"
    "USER"
    "VALIDATE"
    "VALUE"
    "VALUES"
    "VIEW"
    "WINDOW"
    "XML"
    "ZONE"
    <EOF>
    <K_DATETIMELITERAL>
    <K_DATE_LITERAL>
    <K_NEXTVAL>
    <K_STRING_FUNCTION_NAME>
    <S_CHAR_LITERAL>
    <S_IDENTIFIER>
    <S_QUOTED_IDENTIFIER>
，降级为直接拼接 order by 参数
2022-08-30 21:54:28.794 WARN  [APP_NAME_IS_UNDEFINED,,,] 77355 --- [                        http-nio-8080-exec-11] [com.github.pagehelper.parser.OrderByParser.converToOrderBySql:67]                                   :处理排序失败: net.sf.jsqlparser.JSQLParserException: Encountered unexpected token: "ur" <K_ISOLATION>
    at line 4, column 30.

Was expecting one of:

    ";"
    "ACTION"
    "ACTIVE"
    "ALGORITHM"
    "ARCHIVE"
    "ARRAY"
    "AS"
    "AT"
    "BYTE"
    "CASCADE"
    "CASE"
    "CAST"
    "CHANGE"
    "CHAR"
    "CHARACTER"
    "CHECKPOINT"
    "COLUMN"
    "COLUMNS"
    "COMMENT"
    "COMMIT"
    "CONNECT"
    "COSTS"
    "CYCLE"
    "DBA_RECYCLEBIN"
    "DEFAULT"
    "DESC"
    "DESCRIBE"
    "DISABLE"
    "DISCONNECT"
    "DIV"
    "DO"
    "DUMP"
    "DUPLICATE"
    "EMIT"
    "ENABLE"
    "END"
    "EXCLUDE"
    "EXTRACT"
    "FALSE"
    "FILTER"
    "FIRST"
    "FLUSH"
    "FN"
    "FOLLOWING"
    "FORMAT"
    "FULLTEXT"
    "GROUP"
    "HAVING"
    "HISTORY"
    "INDEX"
    "INSERT"
    "INTERVAL"
    "ISNULL"
    "JSON"
    "KEY"
    "LAST"
    "LEADING"
    "LINK"
    "LOCAL"
    "LOG"
    "MATERIALIZED"
    "NO"
    "NOLOCK"
    "NULLS"
    "OF"
    "OPEN"
    "OVER"
    "PARALLEL"
    "PARTITION"
    "PATH"
    "PERCENT"
    "PIVOT"
    "PRECISION"
    "PRIMARY"
    "PRIOR"
    "QUERY"
    "QUIESCE"
    "RANGE"
    "READ"
    "RECYCLEBIN"
    "REGISTER"
    "REPLACE"
    "RESTRICTED"
    "RESUME"
    "ROW"
    "ROWS"
    "SCHEMA"
    "SEPARATOR"
    "SEQUENCE"
    "SESSION"
    "SHUTDOWN"
    "SIBLINGS"
    "SIGNED"
    "SIZE"
    "SKIP"
    "START"
    "SUSPEND"
    "SWITCH"
    "SYNONYM"
    "SYSTEM"
    "TABLE"
    "TABLESPACE"
    "TEMP"
    "TEMPORARY"
    "TIMEOUT"
    "TO"
    "TOP"
    "TRUE"
    "TRUNCATE"
    "TRY_CAST"
    "TYPE"
    "UNQIESCE"
    "UNSIGNED"
    "USER"
    "VALIDATE"
    "VALUE"
    "VALUES"
    "VIEW"
    "WINDOW"
    "XML"
    "ZONE"
    <EOF>
    <K_DATETIMELITERAL>
    <K_DATE_LITERAL>
    <K_NEXTVAL>
    <K_STRING_FUNCTION_NAME>
    <S_CHAR_LITERAL>
    <S_IDENTIFIER>
    <S_QUOTED_IDENTIFIER>
，降级为直接拼接 order by 参数
2022-08-30 21:55:57.048 WARN  [APP_NAME_IS_UNDEFINED,,,] 77355 --- [                        http-nio-8080-exec-16] [com.github.pagehelper.parser.OrderByParser.converToOrderBySql:67]                                   :处理排序失败: net.sf.jsqlparser.JSQLParserException: Encountered unexpected token: "ur" <K_ISOLATION>
    at line 4, column 30.

Was expecting one of:

    ";"
    "ACTION"
    "ACTIVE"
    "ALGORITHM"
    "ARCHIVE"
    "ARRAY"
    "AS"
    "AT"
    "BYTE"
    "CASCADE"
    "CASE"
    "CAST"
    "CHANGE"
    "CHAR"
    "CHARACTER"
    "CHECKPOINT"
    "COLUMN"
    "COLUMNS"
    "COMMENT"
    "COMMIT"
    "CONNECT"
    "COSTS"
    "CYCLE"
    "DBA_RECYCLEBIN"
    "DEFAULT"
    "DESC"
    "DESCRIBE"
    "DISABLE"
    "DISCONNECT"
    "DIV"
    "DO"
    "DUMP"
    "DUPLICATE"
    "EMIT"
    "ENABLE"
    "END"
    "EXCLUDE"
    "EXTRACT"
    "FALSE"
    "FILTER"
    "FIRST"
    "FLUSH"
    "FN"
    "FOLLOWING"
    "FORMAT"
    "FULLTEXT"
    "GROUP"
    "HAVING"
    "HISTORY"
    "INDEX"
    "INSERT"
    "INTERVAL"
    "ISNULL"
    "JSON"
    "KEY"
    "LAST"
    "LEADING"
    "LINK"
    "LOCAL"
    "LOG"
    "MATERIALIZED"
    "NO"
    "NOLOCK"
    "NULLS"
    "OF"
    "OPEN"
    "OVER"
    "PARALLEL"
    "PARTITION"
    "PATH"
    "PERCENT"
    "PIVOT"
    "PRECISION"
    "PRIMARY"
    "PRIOR"
    "QUERY"
    "QUIESCE"
    "RANGE"
    "READ"
    "RECYCLEBIN"
    "REGISTER"
    "REPLACE"
    "RESTRICTED"
    "RESUME"
    "ROW"
    "ROWS"
    "SCHEMA"
    "SEPARATOR"
    "SEQUENCE"
    "SESSION"
    "SHUTDOWN"
    "SIBLINGS"
    "SIGNED"
    "SIZE"
    "SKIP"
    "START"
    "SUSPEND"
    "SWITCH"
    "SYNONYM"
    "SYSTEM"
    "TABLE"
    "TABLESPACE"
    "TEMP"
    "TEMPORARY"
    "TIMEOUT"
    "TO"
    "TOP"
    "TRUE"
    "TRUNCATE"
    "TRY_CAST"
    "TYPE"
    "UNQIESCE"
    "UNSIGNED"
    "USER"
    "VALIDATE"
    "VALUE"
    "VALUES"
    "VIEW"
    "WINDOW"
    "XML"
    "ZONE"
    <EOF>
    <K_DATETIMELITERAL>
    <K_DATE_LITERAL>
    <K_NEXTVAL>
    <K_STRING_FUNCTION_NAME>
    <S_CHAR_LITERAL>
    <S_IDENTIFIER>
    <S_QUOTED_IDENTIFIER>
，降级为直接拼接 order by 参数
2022-08-30 21:58:49.818 WARN  [APP_NAME_IS_UNDEFINED,,,] 77355 --- [                        http-nio-8080-exec-22] [com.github.pagehelper.parser.OrderByParser.converToOrderBySql:67]                                   :处理排序失败: net.sf.jsqlparser.JSQLParserException: Encountered unexpected token: "ur" <K_ISOLATION>
    at line 4, column 30.

Was expecting one of:

    ";"
    "ACTION"
    "ACTIVE"
    "ALGORITHM"
    "ARCHIVE"
    "ARRAY"
    "AS"
    "AT"
    "BYTE"
    "CASCADE"
    "CASE"
    "CAST"
    "CHANGE"
    "CHAR"
    "CHARACTER"
    "CHECKPOINT"
    "COLUMN"
    "COLUMNS"
    "COMMENT"
    "COMMIT"
    "CONNECT"
    "COSTS"
    "CYCLE"
    "DBA_RECYCLEBIN"
    "DEFAULT"
    "DESC"
    "DESCRIBE"
    "DISABLE"
    "DISCONNECT"
    "DIV"
    "DO"
    "DUMP"
    "DUPLICATE"
    "EMIT"
    "ENABLE"
    "END"
    "EXCLUDE"
    "EXTRACT"
    "FALSE"
    "FILTER"
    "FIRST"
    "FLUSH"
    "FN"
    "FOLLOWING"
    "FORMAT"
    "FULLTEXT"
    "GROUP"
    "HAVING"
    "HISTORY"
    "INDEX"
    "INSERT"
    "INTERVAL"
    "ISNULL"
    "JSON"
    "KEY"
    "LAST"
    "LEADING"
    "LINK"
    "LOCAL"
    "LOG"
    "MATERIALIZED"
    "NO"
    "NOLOCK"
    "NULLS"
    "OF"
    "OPEN"
    "OVER"
    "PARALLEL"
    "PARTITION"
    "PATH"
    "PERCENT"
    "PIVOT"
    "PRECISION"
    "PRIMARY"
    "PRIOR"
    "QUERY"
    "QUIESCE"
    "RANGE"
    "READ"
    "RECYCLEBIN"
    "REGISTER"
    "REPLACE"
    "RESTRICTED"
    "RESUME"
    "ROW"
    "ROWS"
    "SCHEMA"
    "SEPARATOR"
    "SEQUENCE"
    "SESSION"
    "SHUTDOWN"
    "SIBLINGS"
    "SIGNED"
    "SIZE"
    "SKIP"
    "START"
    "SUSPEND"
    "SWITCH"
    "SYNONYM"
    "SYSTEM"
    "TABLE"
    "TABLESPACE"
    "TEMP"
    "TEMPORARY"
    "TIMEOUT"
    "TO"
    "TOP"
    "TRUE"
    "TRUNCATE"
    "TRY_CAST"
    "TYPE"
    "UNQIESCE"
    "UNSIGNED"
    "USER"
    "VALIDATE"
    "VALUE"
    "VALUES"
    "VIEW"
    "WINDOW"
    "XML"
    "ZONE"
    <EOF>
    <K_DATETIMELITERAL>
    <K_DATE_LITERAL>
    <K_NEXTVAL>
    <K_STRING_FUNCTION_NAME>
    <S_CHAR_LITERAL>
    <S_IDENTIFIER>
    <S_QUOTED_IDENTIFIER>
，降级为直接拼接 order by 参数
2022-08-30 21:59:59.448 WARN  [APP_NAME_IS_UNDEFINED,,,] 77355 --- [                        http-nio-8080-exec-30] [com.github.pagehelper.parser.OrderByParser.converToOrderBySql:67]                                   :处理排序失败: net.sf.jsqlparser.JSQLParserException: Encountered unexpected token: "ur" <K_ISOLATION>
    at line 4, column 30.

Was expecting one of:

    ";"
    "ACTION"
    "ACTIVE"
    "ALGORITHM"
    "ARCHIVE"
    "ARRAY"
    "AS"
    "AT"
    "BYTE"
    "CASCADE"
    "CASE"
    "CAST"
    "CHANGE"
    "CHAR"
    "CHARACTER"
    "CHECKPOINT"
    "COLUMN"
    "COLUMNS"
    "COMMENT"
    "COMMIT"
    "CONNECT"
    "COSTS"
    "CYCLE"
    "DBA_RECYCLEBIN"
    "DEFAULT"
    "DESC"
    "DESCRIBE"
    "DISABLE"
    "DISCONNECT"
    "DIV"
    "DO"
    "DUMP"
    "DUPLICATE"
    "EMIT"
    "ENABLE"
    "END"
    "EXCLUDE"
    "EXTRACT"
    "FALSE"
    "FILTER"
    "FIRST"
    "FLUSH"
    "FN"
    "FOLLOWING"
    "FORMAT"
    "FULLTEXT"
    "GROUP"
    "HAVING"
    "HISTORY"
    "INDEX"
    "INSERT"
    "INTERVAL"
    "ISNULL"
    "JSON"
    "KEY"
    "LAST"
    "LEADING"
    "LINK"
    "LOCAL"
    "LOG"
    "MATERIALIZED"
    "NO"
    "NOLOCK"
    "NULLS"
    "OF"
    "OPEN"
    "OVER"
    "PARALLEL"
    "PARTITION"
    "PATH"
    "PERCENT"
    "PIVOT"
    "PRECISION"
    "PRIMARY"
    "PRIOR"
    "QUERY"
    "QUIESCE"
    "RANGE"
    "READ"
    "RECYCLEBIN"
    "REGISTER"
    "REPLACE"
    "RESTRICTED"
    "RESUME"
    "ROW"
    "ROWS"
    "SCHEMA"
    "SEPARATOR"
    "SEQUENCE"
    "SESSION"
    "SHUTDOWN"
    "SIBLINGS"
    "SIGNED"
    "SIZE"
    "SKIP"
    "START"
    "SUSPEND"
    "SWITCH"
    "SYNONYM"
    "SYSTEM"
    "TABLE"
    "TABLESPACE"
    "TEMP"
    "TEMPORARY"
    "TIMEOUT"
    "TO"
    "TOP"
    "TRUE"
    "TRUNCATE"
    "TRY_CAST"
    "TYPE"
    "UNQIESCE"
    "UNSIGNED"
    "USER"
    "VALIDATE"
    "VALUE"
    "VALUES"
    "VIEW"
    "WINDOW"
    "XML"
    "ZONE"
    <EOF>
    <K_DATETIMELITERAL>
    <K_DATE_LITERAL>
    <K_NEXTVAL>
    <K_STRING_FUNCTION_NAME>
    <S_CHAR_LITERAL>
    <S_IDENTIFIER>
    <S_QUOTED_IDENTIFIER>
，降级为直接拼接 order by 参数
2022-08-30 22:00:43.700 WARN  [APP_NAME_IS_UNDEFINED,,,] 77355 --- [                SpringApplicationShutdownHook] [org.springframework.context.annotation.CommonAnnotationBeanPostProcessor.postProcessBeforeDestruction:185] :Destroy method on bean with name 'shutdownManager' threw an exception: java.lang.ExceptionInInitializerError
2022-08-30 22:01:19.210 WARN  [APP_NAME_IS_UNDEFINED,,,] 80168 --- [                                         main] [com.baomidou.mybatisplus.core.metadata.TableInfoHelper.initTableFields:342]                         :Can not find table primary key in Class: "com.xll.data.stream.manager.domain.aggregate.system.entity.SysRoleDept".
2022-08-30 22:01:19.211 WARN  [APP_NAME_IS_UNDEFINED,,,] 80168 --- [                                         main] [com.baomidou.mybatisplus.core.injector.DefaultSqlInjector.getMethodList:56]                         :class com.xll.data.stream.manager.domain.aggregate.system.entity.SysRoleDept ,Not found @TableId annotation, Cannot use Mybatis-Plus 'xxById' Method.
2022-08-30 22:01:19.309 WARN  [APP_NAME_IS_UNDEFINED,,,] 80168 --- [                                         main] [com.baomidou.mybatisplus.core.metadata.TableInfoHelper.initTableFields:342]                         :Can not find table primary key in Class: "com.xll.data.stream.manager.domain.aggregate.system.entity.SysRoleMenu".
2022-08-30 22:01:19.310 WARN  [APP_NAME_IS_UNDEFINED,,,] 80168 --- [                                         main] [com.baomidou.mybatisplus.core.injector.DefaultSqlInjector.getMethodList:56]                         :class com.xll.data.stream.manager.domain.aggregate.system.entity.SysRoleMenu ,Not found @TableId annotation, Cannot use Mybatis-Plus 'xxById' Method.
2022-08-30 22:01:19.355 WARN  [APP_NAME_IS_UNDEFINED,,,] 80168 --- [                                         main] [com.baomidou.mybatisplus.core.metadata.TableInfoHelper.initTableFields:342]                         :Can not find table primary key in Class: "com.xll.data.stream.manager.domain.aggregate.system.entity.SysUserPost".
2022-08-30 22:01:19.356 WARN  [APP_NAME_IS_UNDEFINED,,,] 80168 --- [                                         main] [com.baomidou.mybatisplus.core.injector.DefaultSqlInjector.getMethodList:56]                         :class com.xll.data.stream.manager.domain.aggregate.system.entity.SysUserPost ,Not found @TableId annotation, Cannot use Mybatis-Plus 'xxById' Method.
2022-08-30 22:01:19.380 WARN  [APP_NAME_IS_UNDEFINED,,,] 80168 --- [                                         main] [com.baomidou.mybatisplus.core.metadata.TableInfoHelper.initTableFields:342]                         :Can not find table primary key in Class: "com.xll.data.stream.manager.domain.aggregate.system.entity.SysUserRole".
2022-08-30 22:01:19.381 WARN  [APP_NAME_IS_UNDEFINED,,,] 80168 --- [                                         main] [com.baomidou.mybatisplus.core.injector.DefaultSqlInjector.getMethodList:56]                         :class com.xll.data.stream.manager.domain.aggregate.system.entity.SysUserRole ,Not found @TableId annotation, Cannot use Mybatis-Plus 'xxById' Method.
2022-08-30 22:04:31.439 WARN  [APP_NAME_IS_UNDEFINED,,,] 80168 --- [                         http-nio-8080-exec-3] [com.github.pagehelper.parser.OrderByParser.converToOrderBySql:67]                                   :处理排序失败: net.sf.jsqlparser.JSQLParserException: Encountered unexpected token: "ur" <K_ISOLATION>
    at line 4, column 30.

Was expecting one of:

    ";"
    "ACTION"
    "ACTIVE"
    "ALGORITHM"
    "ARCHIVE"
    "ARRAY"
    "AS"
    "AT"
    "BYTE"
    "CASCADE"
    "CASE"
    "CAST"
    "CHANGE"
    "CHAR"
    "CHARACTER"
    "CHECKPOINT"
    "COLUMN"
    "COLUMNS"
    "COMMENT"
    "COMMIT"
    "CONNECT"
    "COSTS"
    "CYCLE"
    "DBA_RECYCLEBIN"
    "DEFAULT"
    "DESC"
    "DESCRIBE"
    "DISABLE"
    "DISCONNECT"
    "DIV"
    "DO"
    "DUMP"
    "DUPLICATE"
    "EMIT"
    "ENABLE"
    "END"
    "EXCLUDE"
    "EXTRACT"
    "FALSE"
    "FILTER"
    "FIRST"
    "FLUSH"
    "FN"
    "FOLLOWING"
    "FORMAT"
    "FULLTEXT"
    "GROUP"
    "HAVING"
    "HISTORY"
    "INDEX"
    "INSERT"
    "INTERVAL"
    "ISNULL"
    "JSON"
    "KEY"
    "LAST"
    "LEADING"
    "LINK"
    "LOCAL"
    "LOG"
    "MATERIALIZED"
    "NO"
    "NOLOCK"
    "NULLS"
    "OF"
    "OPEN"
    "OVER"
    "PARALLEL"
    "PARTITION"
    "PATH"
    "PERCENT"
    "PIVOT"
    "PRECISION"
    "PRIMARY"
    "PRIOR"
    "QUERY"
    "QUIESCE"
    "RANGE"
    "READ"
    "RECYCLEBIN"
    "REGISTER"
    "REPLACE"
    "RESTRICTED"
    "RESUME"
    "ROW"
    "ROWS"
    "SCHEMA"
    "SEPARATOR"
    "SEQUENCE"
    "SESSION"
    "SHUTDOWN"
    "SIBLINGS"
    "SIGNED"
    "SIZE"
    "SKIP"
    "START"
    "SUSPEND"
    "SWITCH"
    "SYNONYM"
    "SYSTEM"
    "TABLE"
    "TABLESPACE"
    "TEMP"
    "TEMPORARY"
    "TIMEOUT"
    "TO"
    "TOP"
    "TRUE"
    "TRUNCATE"
    "TRY_CAST"
    "TYPE"
    "UNQIESCE"
    "UNSIGNED"
    "USER"
    "VALIDATE"
    "VALUE"
    "VALUES"
    "VIEW"
    "WINDOW"
    "XML"
    "ZONE"
    <EOF>
    <K_DATETIMELITERAL>
    <K_DATE_LITERAL>
    <K_NEXTVAL>
    <K_STRING_FUNCTION_NAME>
    <S_CHAR_LITERAL>
    <S_IDENTIFIER>
    <S_QUOTED_IDENTIFIER>
，降级为直接拼接 order by 参数
2022-08-30 22:08:42.173 WARN  [APP_NAME_IS_UNDEFINED,,,] 80168 --- [                SpringApplicationShutdownHook] [org.springframework.context.annotation.CommonAnnotationBeanPostProcessor.postProcessBeforeDestruction:185] :Destroy method on bean with name 'shutdownManager' threw an exception: java.lang.ExceptionInInitializerError
2022-08-30 22:09:52.372 WARN  [APP_NAME_IS_UNDEFINED,,,] 81994 --- [                                         main] [com.baomidou.mybatisplus.core.metadata.TableInfoHelper.initTableFields:342]                         :Can not find table primary key in Class: "com.xll.data.stream.manager.domain.aggregate.system.entity.SysRoleDept".
2022-08-30 22:09:52.373 WARN  [APP_NAME_IS_UNDEFINED,,,] 81994 --- [                                         main] [com.baomidou.mybatisplus.core.injector.DefaultSqlInjector.getMethodList:56]                         :class com.xll.data.stream.manager.domain.aggregate.system.entity.SysRoleDept ,Not found @TableId annotation, Cannot use Mybatis-Plus 'xxById' Method.
2022-08-30 22:09:52.440 WARN  [APP_NAME_IS_UNDEFINED,,,] 81994 --- [                                         main] [com.baomidou.mybatisplus.core.metadata.TableInfoHelper.initTableFields:342]                         :Can not find table primary key in Class: "com.xll.data.stream.manager.domain.aggregate.system.entity.SysRoleMenu".
2022-08-30 22:09:52.440 WARN  [APP_NAME_IS_UNDEFINED,,,] 81994 --- [                                         main] [com.baomidou.mybatisplus.core.injector.DefaultSqlInjector.getMethodList:56]                         :class com.xll.data.stream.manager.domain.aggregate.system.entity.SysRoleMenu ,Not found @TableId annotation, Cannot use Mybatis-Plus 'xxById' Method.
2022-08-30 22:09:52.484 WARN  [APP_NAME_IS_UNDEFINED,,,] 81994 --- [                                         main] [com.baomidou.mybatisplus.core.metadata.TableInfoHelper.initTableFields:342]                         :Can not find table primary key in Class: "com.xll.data.stream.manager.domain.aggregate.system.entity.SysUserPost".
2022-08-30 22:09:52.484 WARN  [APP_NAME_IS_UNDEFINED,,,] 81994 --- [                                         main] [com.baomidou.mybatisplus.core.injector.DefaultSqlInjector.getMethodList:56]                         :class com.xll.data.stream.manager.domain.aggregate.system.entity.SysUserPost ,Not found @TableId annotation, Cannot use Mybatis-Plus 'xxById' Method.
2022-08-30 22:09:52.502 WARN  [APP_NAME_IS_UNDEFINED,,,] 81994 --- [                                         main] [com.baomidou.mybatisplus.core.metadata.TableInfoHelper.initTableFields:342]                         :Can not find table primary key in Class: "com.xll.data.stream.manager.domain.aggregate.system.entity.SysUserRole".
2022-08-30 22:09:52.503 WARN  [APP_NAME_IS_UNDEFINED,,,] 81994 --- [                                         main] [com.baomidou.mybatisplus.core.injector.DefaultSqlInjector.getMethodList:56]                         :class com.xll.data.stream.manager.domain.aggregate.system.entity.SysUserRole ,Not found @TableId annotation, Cannot use Mybatis-Plus 'xxById' Method.
2022-08-30 22:12:10.431 WARN  [APP_NAME_IS_UNDEFINED,,,] 81994 --- [                         http-nio-8080-exec-3] [com.github.pagehelper.parser.OrderByParser.converToOrderBySql:67]                                   :处理排序失败: net.sf.jsqlparser.JSQLParserException: Encountered unexpected token: "ur" <K_ISOLATION>
    at line 4, column 30.

Was expecting one of:

    ";"
    "ACTION"
    "ACTIVE"
    "ALGORITHM"
    "ARCHIVE"
    "ARRAY"
    "AS"
    "AT"
    "BYTE"
    "CASCADE"
    "CASE"
    "CAST"
    "CHANGE"
    "CHAR"
    "CHARACTER"
    "CHECKPOINT"
    "COLUMN"
    "COLUMNS"
    "COMMENT"
    "COMMIT"
    "CONNECT"
    "COSTS"
    "CYCLE"
    "DBA_RECYCLEBIN"
    "DEFAULT"
    "DESC"
    "DESCRIBE"
    "DISABLE"
    "DISCONNECT"
    "DIV"
    "DO"
    "DUMP"
    "DUPLICATE"
    "EMIT"
    "ENABLE"
    "END"
    "EXCLUDE"
    "EXTRACT"
    "FALSE"
    "FILTER"
    "FIRST"
    "FLUSH"
    "FN"
    "FOLLOWING"
    "FORMAT"
    "FULLTEXT"
    "GROUP"
    "HAVING"
    "HISTORY"
    "INDEX"
    "INSERT"
    "INTERVAL"
    "ISNULL"
    "JSON"
    "KEY"
    "LAST"
    "LEADING"
    "LINK"
    "LOCAL"
    "LOG"
    "MATERIALIZED"
    "NO"
    "NOLOCK"
    "NULLS"
    "OF"
    "OPEN"
    "OVER"
    "PARALLEL"
    "PARTITION"
    "PATH"
    "PERCENT"
    "PIVOT"
    "PRECISION"
    "PRIMARY"
    "PRIOR"
    "QUERY"
    "QUIESCE"
    "RANGE"
    "READ"
    "RECYCLEBIN"
    "REGISTER"
    "REPLACE"
    "RESTRICTED"
    "RESUME"
    "ROW"
    "ROWS"
    "SCHEMA"
    "SEPARATOR"
    "SEQUENCE"
    "SESSION"
    "SHUTDOWN"
    "SIBLINGS"
    "SIGNED"
    "SIZE"
    "SKIP"
    "START"
    "SUSPEND"
    "SWITCH"
    "SYNONYM"
    "SYSTEM"
    "TABLE"
    "TABLESPACE"
    "TEMP"
    "TEMPORARY"
    "TIMEOUT"
    "TO"
    "TOP"
    "TRUE"
    "TRUNCATE"
    "TRY_CAST"
    "TYPE"
    "UNQIESCE"
    "UNSIGNED"
    "USER"
    "VALIDATE"
    "VALUE"
    "VALUES"
    "VIEW"
    "WINDOW"
    "XML"
    "ZONE"
    <EOF>
    <K_DATETIMELITERAL>
    <K_DATE_LITERAL>
    <K_NEXTVAL>
    <K_STRING_FUNCTION_NAME>
    <S_CHAR_LITERAL>
    <S_IDENTIFIER>
    <S_QUOTED_IDENTIFIER>
，降级为直接拼接 order by 参数
2022-08-30 22:16:43.279 WARN  [APP_NAME_IS_UNDEFINED,,,] 81994 --- [                SpringApplicationShutdownHook] [org.springframework.context.annotation.CommonAnnotationBeanPostProcessor.postProcessBeforeDestruction:185] :Destroy method on bean with name 'shutdownManager' threw an exception: java.lang.ExceptionInInitializerError
2022-08-30 22:19:15.253 WARN  [APP_NAME_IS_UNDEFINED,,,] 84003 --- [                                         main] [com.baomidou.mybatisplus.core.metadata.TableInfoHelper.initTableFields:342]                         :Can not find table primary key in Class: "com.xll.data.stream.manager.domain.aggregate.system.entity.SysRoleDept".
2022-08-30 22:19:15.254 WARN  [APP_NAME_IS_UNDEFINED,,,] 84003 --- [                                         main] [com.baomidou.mybatisplus.core.injector.DefaultSqlInjector.getMethodList:56]                         :class com.xll.data.stream.manager.domain.aggregate.system.entity.SysRoleDept ,Not found @TableId annotation, Cannot use Mybatis-Plus 'xxById' Method.
2022-08-30 22:19:15.309 WARN  [APP_NAME_IS_UNDEFINED,,,] 84003 --- [                                         main] [com.baomidou.mybatisplus.core.metadata.TableInfoHelper.initTableFields:342]                         :Can not find table primary key in Class: "com.xll.data.stream.manager.domain.aggregate.system.entity.SysRoleMenu".
2022-08-30 22:19:15.310 WARN  [APP_NAME_IS_UNDEFINED,,,] 84003 --- [                                         main] [com.baomidou.mybatisplus.core.injector.DefaultSqlInjector.getMethodList:56]                         :class com.xll.data.stream.manager.domain.aggregate.system.entity.SysRoleMenu ,Not found @TableId annotation, Cannot use Mybatis-Plus 'xxById' Method.
2022-08-30 22:19:15.359 WARN  [APP_NAME_IS_UNDEFINED,,,] 84003 --- [                                         main] [com.baomidou.mybatisplus.core.metadata.TableInfoHelper.initTableFields:342]                         :Can not find table primary key in Class: "com.xll.data.stream.manager.domain.aggregate.system.entity.SysUserPost".
2022-08-30 22:19:15.360 WARN  [APP_NAME_IS_UNDEFINED,,,] 84003 --- [                                         main] [com.baomidou.mybatisplus.core.injector.DefaultSqlInjector.getMethodList:56]                         :class com.xll.data.stream.manager.domain.aggregate.system.entity.SysUserPost ,Not found @TableId annotation, Cannot use Mybatis-Plus 'xxById' Method.
2022-08-30 22:19:15.380 WARN  [APP_NAME_IS_UNDEFINED,,,] 84003 --- [                                         main] [com.baomidou.mybatisplus.core.metadata.TableInfoHelper.initTableFields:342]                         :Can not find table primary key in Class: "com.xll.data.stream.manager.domain.aggregate.system.entity.SysUserRole".
2022-08-30 22:19:15.381 WARN  [APP_NAME_IS_UNDEFINED,,,] 84003 --- [                                         main] [com.baomidou.mybatisplus.core.injector.DefaultSqlInjector.getMethodList:56]                         :class com.xll.data.stream.manager.domain.aggregate.system.entity.SysUserRole ,Not found @TableId annotation, Cannot use Mybatis-Plus 'xxById' Method.
2022-08-30 22:19:53.504 WARN  [APP_NAME_IS_UNDEFINED,,,] 84003 --- [                         http-nio-8080-exec-3] [com.github.pagehelper.parser.OrderByParser.converToOrderBySql:67]                                   :处理排序失败: net.sf.jsqlparser.JSQLParserException: Encountered unexpected token: "ur" <K_ISOLATION>
    at line 4, column 30.

Was expecting one of:

    ";"
    "ACTION"
    "ACTIVE"
    "ALGORITHM"
    "ARCHIVE"
    "ARRAY"
    "AS"
    "AT"
    "BYTE"
    "CASCADE"
    "CASE"
    "CAST"
    "CHANGE"
    "CHAR"
    "CHARACTER"
    "CHECKPOINT"
    "COLUMN"
    "COLUMNS"
    "COMMENT"
    "COMMIT"
    "CONNECT"
    "COSTS"
    "CYCLE"
    "DBA_RECYCLEBIN"
    "DEFAULT"
    "DESC"
    "DESCRIBE"
    "DISABLE"
    "DISCONNECT"
    "DIV"
    "DO"
    "DUMP"
    "DUPLICATE"
    "EMIT"
    "ENABLE"
    "END"
    "EXCLUDE"
    "EXTRACT"
    "FALSE"
    "FILTER"
    "FIRST"
    "FLUSH"
    "FN"
    "FOLLOWING"
    "FORMAT"
    "FULLTEXT"
    "GROUP"
    "HAVING"
    "HISTORY"
    "INDEX"
    "INSERT"
    "INTERVAL"
    "ISNULL"
    "JSON"
    "KEY"
    "LAST"
    "LEADING"
    "LINK"
    "LOCAL"
    "LOG"
    "MATERIALIZED"
    "NO"
    "NOLOCK"
    "NULLS"
    "OF"
    "OPEN"
    "OVER"
    "PARALLEL"
    "PARTITION"
    "PATH"
    "PERCENT"
    "PIVOT"
    "PRECISION"
    "PRIMARY"
    "PRIOR"
    "QUERY"
    "QUIESCE"
    "RANGE"
    "READ"
    "RECYCLEBIN"
    "REGISTER"
    "REPLACE"
    "RESTRICTED"
    "RESUME"
    "ROW"
    "ROWS"
    "SCHEMA"
    "SEPARATOR"
    "SEQUENCE"
    "SESSION"
    "SHUTDOWN"
    "SIBLINGS"
    "SIGNED"
    "SIZE"
    "SKIP"
    "START"
    "SUSPEND"
    "SWITCH"
    "SYNONYM"
    "SYSTEM"
    "TABLE"
    "TABLESPACE"
    "TEMP"
    "TEMPORARY"
    "TIMEOUT"
    "TO"
    "TOP"
    "TRUE"
    "TRUNCATE"
    "TRY_CAST"
    "TYPE"
    "UNQIESCE"
    "UNSIGNED"
    "USER"
    "VALIDATE"
    "VALUE"
    "VALUES"
    "VIEW"
    "WINDOW"
    "XML"
    "ZONE"
    <EOF>
    <K_DATETIMELITERAL>
    <K_DATE_LITERAL>
    <K_NEXTVAL>
    <K_STRING_FUNCTION_NAME>
    <S_CHAR_LITERAL>
    <S_IDENTIFIER>
    <S_QUOTED_IDENTIFIER>
，降级为直接拼接 order by 参数
2022-08-30 22:23:30.985 WARN  [APP_NAME_IS_UNDEFINED,,,] 84003 --- [                SpringApplicationShutdownHook] [org.springframework.context.annotation.CommonAnnotationBeanPostProcessor.postProcessBeforeDestruction:185] :Destroy method on bean with name 'shutdownManager' threw an exception: java.lang.ExceptionInInitializerError
2022-08-30 22:23:44.326 WARN  [APP_NAME_IS_UNDEFINED,,,] 84986 --- [                                         main] [com.baomidou.mybatisplus.core.metadata.TableInfoHelper.initTableFields:342]                         :Can not find table primary key in Class: "com.xll.data.stream.manager.domain.aggregate.system.entity.SysRoleDept".
2022-08-30 22:23:44.326 WARN  [APP_NAME_IS_UNDEFINED,,,] 84986 --- [                                         main] [com.baomidou.mybatisplus.core.injector.DefaultSqlInjector.getMethodList:56]                         :class com.xll.data.stream.manager.domain.aggregate.system.entity.SysRoleDept ,Not found @TableId annotation, Cannot use Mybatis-Plus 'xxById' Method.
2022-08-30 22:23:44.413 WARN  [APP_NAME_IS_UNDEFINED,,,] 84986 --- [                                         main] [com.baomidou.mybatisplus.core.metadata.TableInfoHelper.initTableFields:342]                         :Can not find table primary key in Class: "com.xll.data.stream.manager.domain.aggregate.system.entity.SysRoleMenu".
2022-08-30 22:23:44.413 WARN  [APP_NAME_IS_UNDEFINED,,,] 84986 --- [                                         main] [com.baomidou.mybatisplus.core.injector.DefaultSqlInjector.getMethodList:56]                         :class com.xll.data.stream.manager.domain.aggregate.system.entity.SysRoleMenu ,Not found @TableId annotation, Cannot use Mybatis-Plus 'xxById' Method.
2022-08-30 22:23:44.455 WARN  [APP_NAME_IS_UNDEFINED,,,] 84986 --- [                                         main] [com.baomidou.mybatisplus.core.metadata.TableInfoHelper.initTableFields:342]                         :Can not find table primary key in Class: "com.xll.data.stream.manager.domain.aggregate.system.entity.SysUserPost".
2022-08-30 22:23:44.455 WARN  [APP_NAME_IS_UNDEFINED,,,] 84986 --- [                                         main] [com.baomidou.mybatisplus.core.injector.DefaultSqlInjector.getMethodList:56]                         :class com.xll.data.stream.manager.domain.aggregate.system.entity.SysUserPost ,Not found @TableId annotation, Cannot use Mybatis-Plus 'xxById' Method.
2022-08-30 22:23:44.470 WARN  [APP_NAME_IS_UNDEFINED,,,] 84986 --- [                                         main] [com.baomidou.mybatisplus.core.metadata.TableInfoHelper.initTableFields:342]                         :Can not find table primary key in Class: "com.xll.data.stream.manager.domain.aggregate.system.entity.SysUserRole".
2022-08-30 22:23:44.470 WARN  [APP_NAME_IS_UNDEFINED,,,] 84986 --- [                                         main] [com.baomidou.mybatisplus.core.injector.DefaultSqlInjector.getMethodList:56]                         :class com.xll.data.stream.manager.domain.aggregate.system.entity.SysUserRole ,Not found @TableId annotation, Cannot use Mybatis-Plus 'xxById' Method.
2022-08-30 22:23:59.901 WARN  [APP_NAME_IS_UNDEFINED,,,] 84986 --- [                         http-nio-8080-exec-3] [com.github.pagehelper.parser.OrderByParser.converToOrderBySql:67]                                   :处理排序失败: net.sf.jsqlparser.JSQLParserException: Encountered unexpected token: "ur" <K_ISOLATION>
    at line 4, column 30.

Was expecting one of:

    ";"
    "ACTION"
    "ACTIVE"
    "ALGORITHM"
    "ARCHIVE"
    "ARRAY"
    "AS"
    "AT"
    "BYTE"
    "CASCADE"
    "CASE"
    "CAST"
    "CHANGE"
    "CHAR"
    "CHARACTER"
    "CHECKPOINT"
    "COLUMN"
    "COLUMNS"
    "COMMENT"
    "COMMIT"
    "CONNECT"
    "COSTS"
    "CYCLE"
    "DBA_RECYCLEBIN"
    "DEFAULT"
    "DESC"
    "DESCRIBE"
    "DISABLE"
    "DISCONNECT"
    "DIV"
    "DO"
    "DUMP"
    "DUPLICATE"
    "EMIT"
    "ENABLE"
    "END"
    "EXCLUDE"
    "EXTRACT"
    "FALSE"
    "FILTER"
    "FIRST"
    "FLUSH"
    "FN"
    "FOLLOWING"
    "FORMAT"
    "FULLTEXT"
    "GROUP"
    "HAVING"
    "HISTORY"
    "INDEX"
    "INSERT"
    "INTERVAL"
    "ISNULL"
    "JSON"
    "KEY"
    "LAST"
    "LEADING"
    "LINK"
    "LOCAL"
    "LOG"
    "MATERIALIZED"
    "NO"
    "NOLOCK"
    "NULLS"
    "OF"
    "OPEN"
    "OVER"
    "PARALLEL"
    "PARTITION"
    "PATH"
    "PERCENT"
    "PIVOT"
    "PRECISION"
    "PRIMARY"
    "PRIOR"
    "QUERY"
    "QUIESCE"
    "RANGE"
    "READ"
    "RECYCLEBIN"
    "REGISTER"
    "REPLACE"
    "RESTRICTED"
    "RESUME"
    "ROW"
    "ROWS"
    "SCHEMA"
    "SEPARATOR"
    "SEQUENCE"
    "SESSION"
    "SHUTDOWN"
    "SIBLINGS"
    "SIGNED"
    "SIZE"
    "SKIP"
    "START"
    "SUSPEND"
    "SWITCH"
    "SYNONYM"
    "SYSTEM"
    "TABLE"
    "TABLESPACE"
    "TEMP"
    "TEMPORARY"
    "TIMEOUT"
    "TO"
    "TOP"
    "TRUE"
    "TRUNCATE"
    "TRY_CAST"
    "TYPE"
    "UNQIESCE"
    "UNSIGNED"
    "USER"
    "VALIDATE"
    "VALUE"
    "VALUES"
    "VIEW"
    "WINDOW"
    "XML"
    "ZONE"
    <EOF>
    <K_DATETIMELITERAL>
    <K_DATE_LITERAL>
    <K_NEXTVAL>
    <K_STRING_FUNCTION_NAME>
    <S_CHAR_LITERAL>
    <S_IDENTIFIER>
    <S_QUOTED_IDENTIFIER>
，降级为直接拼接 order by 参数
2022-08-30 22:26:44.834 WARN  [APP_NAME_IS_UNDEFINED,,,] 84986 --- [                SpringApplicationShutdownHook] [org.springframework.context.annotation.CommonAnnotationBeanPostProcessor.postProcessBeforeDestruction:185] :Destroy method on bean with name 'shutdownManager' threw an exception: java.lang.ExceptionInInitializerError
2022-08-30 22:26:58.284 WARN  [APP_NAME_IS_UNDEFINED,,,] 85692 --- [                                         main] [com.baomidou.mybatisplus.core.metadata.TableInfoHelper.initTableFields:342]                         :Can not find table primary key in Class: "com.xll.data.stream.manager.domain.aggregate.system.entity.SysRoleDept".
2022-08-30 22:26:58.285 WARN  [APP_NAME_IS_UNDEFINED,,,] 85692 --- [                                         main] [com.baomidou.mybatisplus.core.injector.DefaultSqlInjector.getMethodList:56]                         :class com.xll.data.stream.manager.domain.aggregate.system.entity.SysRoleDept ,Not found @TableId annotation, Cannot use Mybatis-Plus 'xxById' Method.
2022-08-30 22:26:58.327 WARN  [APP_NAME_IS_UNDEFINED,,,] 85692 --- [                                         main] [com.baomidou.mybatisplus.core.metadata.TableInfoHelper.initTableFields:342]                         :Can not find table primary key in Class: "com.xll.data.stream.manager.domain.aggregate.system.entity.SysRoleMenu".
2022-08-30 22:26:58.328 WARN  [APP_NAME_IS_UNDEFINED,,,] 85692 --- [                                         main] [com.baomidou.mybatisplus.core.injector.DefaultSqlInjector.getMethodList:56]                         :class com.xll.data.stream.manager.domain.aggregate.system.entity.SysRoleMenu ,Not found @TableId annotation, Cannot use Mybatis-Plus 'xxById' Method.
2022-08-30 22:26:58.369 WARN  [APP_NAME_IS_UNDEFINED,,,] 85692 --- [                                         main] [com.baomidou.mybatisplus.core.metadata.TableInfoHelper.initTableFields:342]                         :Can not find table primary key in Class: "com.xll.data.stream.manager.domain.aggregate.system.entity.SysUserPost".
2022-08-30 22:26:58.370 WARN  [APP_NAME_IS_UNDEFINED,,,] 85692 --- [                                         main] [com.baomidou.mybatisplus.core.injector.DefaultSqlInjector.getMethodList:56]                         :class com.xll.data.stream.manager.domain.aggregate.system.entity.SysUserPost ,Not found @TableId annotation, Cannot use Mybatis-Plus 'xxById' Method.
2022-08-30 22:26:58.387 WARN  [APP_NAME_IS_UNDEFINED,,,] 85692 --- [                                         main] [com.baomidou.mybatisplus.core.metadata.TableInfoHelper.initTableFields:342]                         :Can not find table primary key in Class: "com.xll.data.stream.manager.domain.aggregate.system.entity.SysUserRole".
2022-08-30 22:26:58.387 WARN  [APP_NAME_IS_UNDEFINED,,,] 85692 --- [                                         main] [com.baomidou.mybatisplus.core.injector.DefaultSqlInjector.getMethodList:56]                         :class com.xll.data.stream.manager.domain.aggregate.system.entity.SysUserRole ,Not found @TableId annotation, Cannot use Mybatis-Plus 'xxById' Method.
2022-08-30 22:27:17.143 WARN  [APP_NAME_IS_UNDEFINED,,,] 85692 --- [                         http-nio-8080-exec-3] [com.github.pagehelper.parser.OrderByParser.converToOrderBySql:67]                                   :处理排序失败: net.sf.jsqlparser.JSQLParserException: Encountered unexpected token: "ur" <K_ISOLATION>
    at line 4, column 30.

Was expecting one of:

    ";"
    "ACTION"
    "ACTIVE"
    "ALGORITHM"
    "ARCHIVE"
    "ARRAY"
    "AS"
    "AT"
    "BYTE"
    "CASCADE"
    "CASE"
    "CAST"
    "CHANGE"
    "CHAR"
    "CHARACTER"
    "CHECKPOINT"
    "COLUMN"
    "COLUMNS"
    "COMMENT"
    "COMMIT"
    "CONNECT"
    "COSTS"
    "CYCLE"
    "DBA_RECYCLEBIN"
    "DEFAULT"
    "DESC"
    "DESCRIBE"
    "DISABLE"
    "DISCONNECT"
    "DIV"
    "DO"
    "DUMP"
    "DUPLICATE"
    "EMIT"
    "ENABLE"
    "END"
    "EXCLUDE"
    "EXTRACT"
    "FALSE"
    "FILTER"
    "FIRST"
    "FLUSH"
    "FN"
    "FOLLOWING"
    "FORMAT"
    "FULLTEXT"
    "GROUP"
    "HAVING"
    "HISTORY"
    "INDEX"
    "INSERT"
    "INTERVAL"
    "ISNULL"
    "JSON"
    "KEY"
    "LAST"
    "LEADING"
    "LINK"
    "LOCAL"
    "LOG"
    "MATERIALIZED"
    "NO"
    "NOLOCK"
    "NULLS"
    "OF"
    "OPEN"
    "OVER"
    "PARALLEL"
    "PARTITION"
    "PATH"
    "PERCENT"
    "PIVOT"
    "PRECISION"
    "PRIMARY"
    "PRIOR"
    "QUERY"
    "QUIESCE"
    "RANGE"
    "READ"
    "RECYCLEBIN"
    "REGISTER"
    "REPLACE"
    "RESTRICTED"
    "RESUME"
    "ROW"
    "ROWS"
    "SCHEMA"
    "SEPARATOR"
    "SEQUENCE"
    "SESSION"
    "SHUTDOWN"
    "SIBLINGS"
    "SIGNED"
    "SIZE"
    "SKIP"
    "START"
    "SUSPEND"
    "SWITCH"
    "SYNONYM"
    "SYSTEM"
    "TABLE"
    "TABLESPACE"
    "TEMP"
    "TEMPORARY"
    "TIMEOUT"
    "TO"
    "TOP"
    "TRUE"
    "TRUNCATE"
    "TRY_CAST"
    "TYPE"
    "UNQIESCE"
    "UNSIGNED"
    "USER"
    "VALIDATE"
    "VALUE"
    "VALUES"
    "VIEW"
    "WINDOW"
    "XML"
    "ZONE"
    <EOF>
    <K_DATETIMELITERAL>
    <K_DATE_LITERAL>
    <K_NEXTVAL>
    <K_STRING_FUNCTION_NAME>
    <S_CHAR_LITERAL>
    <S_IDENTIFIER>
    <S_QUOTED_IDENTIFIER>
，降级为直接拼接 order by 参数
2022-08-30 22:27:21.724 WARN  [APP_NAME_IS_UNDEFINED,,,] 85692 --- [                         http-nio-8080-exec-4] [com.github.pagehelper.parser.OrderByParser.converToOrderBySql:67]                                   :处理排序失败: net.sf.jsqlparser.JSQLParserException: Encountered unexpected token: "ur" <K_ISOLATION>
    at line 4, column 30.

Was expecting one of:

    ";"
    "ACTION"
    "ACTIVE"
    "ALGORITHM"
    "ARCHIVE"
    "ARRAY"
    "AS"
    "AT"
    "BYTE"
    "CASCADE"
    "CASE"
    "CAST"
    "CHANGE"
    "CHAR"
    "CHARACTER"
    "CHECKPOINT"
    "COLUMN"
    "COLUMNS"
    "COMMENT"
    "COMMIT"
    "CONNECT"
    "COSTS"
    "CYCLE"
    "DBA_RECYCLEBIN"
    "DEFAULT"
    "DESC"
    "DESCRIBE"
    "DISABLE"
    "DISCONNECT"
    "DIV"
    "DO"
    "DUMP"
    "DUPLICATE"
    "EMIT"
    "ENABLE"
    "END"
    "EXCLUDE"
    "EXTRACT"
    "FALSE"
    "FILTER"
    "FIRST"
    "FLUSH"
    "FN"
    "FOLLOWING"
    "FORMAT"
    "FULLTEXT"
    "GROUP"
    "HAVING"
    "HISTORY"
    "INDEX"
    "INSERT"
    "INTERVAL"
    "ISNULL"
    "JSON"
    "KEY"
    "LAST"
    "LEADING"
    "LINK"
    "LOCAL"
    "LOG"
    "MATERIALIZED"
    "NO"
    "NOLOCK"
    "NULLS"
    "OF"
    "OPEN"
    "OVER"
    "PARALLEL"
    "PARTITION"
    "PATH"
    "PERCENT"
    "PIVOT"
    "PRECISION"
    "PRIMARY"
    "PRIOR"
    "QUERY"
    "QUIESCE"
    "RANGE"
    "READ"
    "RECYCLEBIN"
    "REGISTER"
    "REPLACE"
    "RESTRICTED"
    "RESUME"
    "ROW"
    "ROWS"
    "SCHEMA"
    "SEPARATOR"
    "SEQUENCE"
    "SESSION"
    "SHUTDOWN"
    "SIBLINGS"
    "SIGNED"
    "SIZE"
    "SKIP"
    "START"
    "SUSPEND"
    "SWITCH"
    "SYNONYM"
    "SYSTEM"
    "TABLE"
    "TABLESPACE"
    "TEMP"
    "TEMPORARY"
    "TIMEOUT"
    "TO"
    "TOP"
    "TRUE"
    "TRUNCATE"
    "TRY_CAST"
    "TYPE"
    "UNQIESCE"
    "UNSIGNED"
    "USER"
    "VALIDATE"
    "VALUE"
    "VALUES"
    "VIEW"
    "WINDOW"
    "XML"
    "ZONE"
    <EOF>
    <K_DATETIMELITERAL>
    <K_DATE_LITERAL>
    <K_NEXTVAL>
    <K_STRING_FUNCTION_NAME>
    <S_CHAR_LITERAL>
    <S_IDENTIFIER>
    <S_QUOTED_IDENTIFIER>
，降级为直接拼接 order by 参数
2022-08-30 22:27:23.011 WARN  [APP_NAME_IS_UNDEFINED,,,] 85692 --- [                         http-nio-8080-exec-5] [com.github.pagehelper.parser.OrderByParser.converToOrderBySql:67]                                   :处理排序失败: net.sf.jsqlparser.JSQLParserException: Encountered unexpected token: "ur" <K_ISOLATION>
    at line 4, column 30.

Was expecting one of:

    ";"
    "ACTION"
    "ACTIVE"
    "ALGORITHM"
    "ARCHIVE"
    "ARRAY"
    "AS"
    "AT"
    "BYTE"
    "CASCADE"
    "CASE"
    "CAST"
    "CHANGE"
    "CHAR"
    "CHARACTER"
    "CHECKPOINT"
    "COLUMN"
    "COLUMNS"
    "COMMENT"
    "COMMIT"
    "CONNECT"
    "COSTS"
    "CYCLE"
    "DBA_RECYCLEBIN"
    "DEFAULT"
    "DESC"
    "DESCRIBE"
    "DISABLE"
    "DISCONNECT"
    "DIV"
    "DO"
    "DUMP"
    "DUPLICATE"
    "EMIT"
    "ENABLE"
    "END"
    "EXCLUDE"
    "EXTRACT"
    "FALSE"
    "FILTER"
    "FIRST"
    "FLUSH"
    "FN"
    "FOLLOWING"
    "FORMAT"
    "FULLTEXT"
    "GROUP"
    "HAVING"
    "HISTORY"
    "INDEX"
    "INSERT"
    "INTERVAL"
    "ISNULL"
    "JSON"
    "KEY"
    "LAST"
    "LEADING"
    "LINK"
    "LOCAL"
    "LOG"
    "MATERIALIZED"
    "NO"
    "NOLOCK"
    "NULLS"
    "OF"
    "OPEN"
    "OVER"
    "PARALLEL"
    "PARTITION"
    "PATH"
    "PERCENT"
    "PIVOT"
    "PRECISION"
    "PRIMARY"
    "PRIOR"
    "QUERY"
    "QUIESCE"
    "RANGE"
    "READ"
    "RECYCLEBIN"
    "REGISTER"
    "REPLACE"
    "RESTRICTED"
    "RESUME"
    "ROW"
    "ROWS"
    "SCHEMA"
    "SEPARATOR"
    "SEQUENCE"
    "SESSION"
    "SHUTDOWN"
    "SIBLINGS"
    "SIGNED"
    "SIZE"
    "SKIP"
    "START"
    "SUSPEND"
    "SWITCH"
    "SYNONYM"
    "SYSTEM"
    "TABLE"
    "TABLESPACE"
    "TEMP"
    "TEMPORARY"
    "TIMEOUT"
    "TO"
    "TOP"
    "TRUE"
    "TRUNCATE"
    "TRY_CAST"
    "TYPE"
    "UNQIESCE"
    "UNSIGNED"
    "USER"
    "VALIDATE"
    "VALUE"
    "VALUES"
    "VIEW"
    "WINDOW"
    "XML"
    "ZONE"
    <EOF>
    <K_DATETIMELITERAL>
    <K_DATE_LITERAL>
    <K_NEXTVAL>
    <K_STRING_FUNCTION_NAME>
    <S_CHAR_LITERAL>
    <S_IDENTIFIER>
    <S_QUOTED_IDENTIFIER>
，降级为直接拼接 order by 参数
2022-08-30 22:29:34.682 WARN  [APP_NAME_IS_UNDEFINED,,,] 85692 --- [                SpringApplicationShutdownHook] [org.springframework.context.annotation.CommonAnnotationBeanPostProcessor.postProcessBeforeDestruction:185] :Destroy method on bean with name 'shutdownManager' threw an exception: java.lang.ExceptionInInitializerError
2022-08-30 22:30:01.612 WARN  [APP_NAME_IS_UNDEFINED,,,] 86328 --- [                                         main] [com.baomidou.mybatisplus.core.metadata.TableInfoHelper.initTableFields:342]                         :Can not find table primary key in Class: "com.xll.data.stream.manager.domain.aggregate.system.entity.SysRoleDept".
2022-08-30 22:30:01.613 WARN  [APP_NAME_IS_UNDEFINED,,,] 86328 --- [                                         main] [com.baomidou.mybatisplus.core.injector.DefaultSqlInjector.getMethodList:56]                         :class com.xll.data.stream.manager.domain.aggregate.system.entity.SysRoleDept ,Not found @TableId annotation, Cannot use Mybatis-Plus 'xxById' Method.
2022-08-30 22:30:01.651 WARN  [APP_NAME_IS_UNDEFINED,,,] 86328 --- [                                         main] [com.baomidou.mybatisplus.core.metadata.TableInfoHelper.initTableFields:342]                         :Can not find table primary key in Class: "com.xll.data.stream.manager.domain.aggregate.system.entity.SysRoleMenu".
2022-08-30 22:30:01.652 WARN  [APP_NAME_IS_UNDEFINED,,,] 86328 --- [                                         main] [com.baomidou.mybatisplus.core.injector.DefaultSqlInjector.getMethodList:56]                         :class com.xll.data.stream.manager.domain.aggregate.system.entity.SysRoleMenu ,Not found @TableId annotation, Cannot use Mybatis-Plus 'xxById' Method.
2022-08-30 22:30:01.710 WARN  [APP_NAME_IS_UNDEFINED,,,] 86328 --- [                                         main] [com.baomidou.mybatisplus.core.metadata.TableInfoHelper.initTableFields:342]                         :Can not find table primary key in Class: "com.xll.data.stream.manager.domain.aggregate.system.entity.SysUserPost".
2022-08-30 22:30:01.711 WARN  [APP_NAME_IS_UNDEFINED,,,] 86328 --- [                                         main] [com.baomidou.mybatisplus.core.injector.DefaultSqlInjector.getMethodList:56]                         :class com.xll.data.stream.manager.domain.aggregate.system.entity.SysUserPost ,Not found @TableId annotation, Cannot use Mybatis-Plus 'xxById' Method.
2022-08-30 22:30:01.737 WARN  [APP_NAME_IS_UNDEFINED,,,] 86328 --- [                                         main] [com.baomidou.mybatisplus.core.metadata.TableInfoHelper.initTableFields:342]                         :Can not find table primary key in Class: "com.xll.data.stream.manager.domain.aggregate.system.entity.SysUserRole".
2022-08-30 22:30:01.737 WARN  [APP_NAME_IS_UNDEFINED,,,] 86328 --- [                                         main] [com.baomidou.mybatisplus.core.injector.DefaultSqlInjector.getMethodList:56]                         :class com.xll.data.stream.manager.domain.aggregate.system.entity.SysUserRole ,Not found @TableId annotation, Cannot use Mybatis-Plus 'xxById' Method.
2022-08-30 22:42:44.727 WARN  [APP_NAME_IS_UNDEFINED,,,] 88977 --- [                                         main] [org.springframework.boot.web.servlet.context.AnnotationConfigServletWebServerApplicationContext.refresh:591] :Exception encountered during context initialization - cancelling refresh attempt: org.springframework.beans.factory.UnsatisfiedDependencyException: Error creating bean with name 'sysConfigDaoImpl': Unsatisfied dependency expressed through field 'baseMapper'; nested exception is org.springframework.beans.factory.UnsatisfiedDependencyException: Error creating bean with name 'sysConfigMapper' defined in file [/Users/xuliangliang/study_project/xll-data-stream-manager/target/classes/com/xll/data/stream/manager/domain/aggregate/system/mapper/SysConfigMapper.class]: Unsatisfied dependency expressed through bean property 'sqlSessionFactory'; nested exception is org.springframework.beans.factory.UnsatisfiedDependencyException: Error creating bean with name 'sqlSessionFactory' defined in class path resource [com/baomidou/mybatisplus/autoconfigure/MybatisPlusAutoConfiguration.class]: Unsatisfied dependency expressed through method 'sqlSessionFactory' parameter 0; nested exception is org.springframework.beans.factory.BeanCreationException: Error creating bean with name 'dataSource' defined in class path resource [com/baomidou/dynamic/datasource/spring/boot/autoconfigure/DynamicDataSourceAutoConfiguration.class]: Invocation of init method failed; nested exception is com.baomidou.dynamic.datasource.exception.ErrorCreateDataSourceException: druid create error
2022-08-30 22:43:12.912 WARN  [APP_NAME_IS_UNDEFINED,,,] 89113 --- [                                         main] [com.baomidou.mybatisplus.core.metadata.TableInfoHelper.initTableFields:342]                         :Can not find table primary key in Class: "com.xll.data.stream.manager.domain.aggregate.system.entity.SysRoleDept".
2022-08-30 22:43:12.913 WARN  [APP_NAME_IS_UNDEFINED,,,] 89113 --- [                                         main] [com.baomidou.mybatisplus.core.injector.DefaultSqlInjector.getMethodList:56]                         :class com.xll.data.stream.manager.domain.aggregate.system.entity.SysRoleDept ,Not found @TableId annotation, Cannot use Mybatis-Plus 'xxById' Method.
2022-08-30 22:43:12.961 WARN  [APP_NAME_IS_UNDEFINED,,,] 89113 --- [                                         main] [com.baomidou.mybatisplus.core.metadata.TableInfoHelper.initTableFields:342]                         :Can not find table primary key in Class: "com.xll.data.stream.manager.domain.aggregate.system.entity.SysRoleMenu".
2022-08-30 22:43:12.961 WARN  [APP_NAME_IS_UNDEFINED,,,] 89113 --- [                                         main] [com.baomidou.mybatisplus.core.injector.DefaultSqlInjector.getMethodList:56]                         :class com.xll.data.stream.manager.domain.aggregate.system.entity.SysRoleMenu ,Not found @TableId annotation, Cannot use Mybatis-Plus 'xxById' Method.
2022-08-30 22:43:13.004 WARN  [APP_NAME_IS_UNDEFINED,,,] 89113 --- [                                         main] [com.baomidou.mybatisplus.core.metadata.TableInfoHelper.initTableFields:342]                         :Can not find table primary key in Class: "com.xll.data.stream.manager.domain.aggregate.system.entity.SysUserPost".
2022-08-30 22:43:13.004 WARN  [APP_NAME_IS_UNDEFINED,,,] 89113 --- [                                         main] [com.baomidou.mybatisplus.core.injector.DefaultSqlInjector.getMethodList:56]                         :class com.xll.data.stream.manager.domain.aggregate.system.entity.SysUserPost ,Not found @TableId annotation, Cannot use Mybatis-Plus 'xxById' Method.
2022-08-30 22:43:13.019 WARN  [APP_NAME_IS_UNDEFINED,,,] 89113 --- [                                         main] [com.baomidou.mybatisplus.core.metadata.TableInfoHelper.initTableFields:342]                         :Can not find table primary key in Class: "com.xll.data.stream.manager.domain.aggregate.system.entity.SysUserRole".
2022-08-30 22:43:13.019 WARN  [APP_NAME_IS_UNDEFINED,,,] 89113 --- [                                         main] [com.baomidou.mybatisplus.core.injector.DefaultSqlInjector.getMethodList:56]                         :class com.xll.data.stream.manager.domain.aggregate.system.entity.SysUserRole ,Not found @TableId annotation, Cannot use Mybatis-Plus 'xxById' Method.
2022-08-30 22:43:45.801 WARN  [APP_NAME_IS_UNDEFINED,,,] 89113 --- [                SpringApplicationShutdownHook] [org.springframework.context.annotation.CommonAnnotationBeanPostProcessor.postProcessBeforeDestruction:185] :Destroy method on bean with name 'shutdownManager' threw an exception: java.lang.ExceptionInInitializerError
2022-08-30 22:51:39.164 WARN  [APP_NAME_IS_UNDEFINED,,,] 90902 --- [                                         main] [com.baomidou.mybatisplus.core.metadata.TableInfoHelper.initTableFields:342]                         :Can not find table primary key in Class: "com.xll.data.stream.manager.domain.aggregate.system.entity.SysRoleDept".
2022-08-30 22:51:39.165 WARN  [APP_NAME_IS_UNDEFINED,,,] 90902 --- [                                         main] [com.baomidou.mybatisplus.core.injector.DefaultSqlInjector.getMethodList:56]                         :class com.xll.data.stream.manager.domain.aggregate.system.entity.SysRoleDept ,Not found @TableId annotation, Cannot use Mybatis-Plus 'xxById' Method.
2022-08-30 22:51:39.246 WARN  [APP_NAME_IS_UNDEFINED,,,] 90902 --- [                                         main] [com.baomidou.mybatisplus.core.metadata.TableInfoHelper.initTableFields:342]                         :Can not find table primary key in Class: "com.xll.data.stream.manager.domain.aggregate.system.entity.SysRoleMenu".
2022-08-30 22:51:39.247 WARN  [APP_NAME_IS_UNDEFINED,,,] 90902 --- [                                         main] [com.baomidou.mybatisplus.core.injector.DefaultSqlInjector.getMethodList:56]                         :class com.xll.data.stream.manager.domain.aggregate.system.entity.SysRoleMenu ,Not found @TableId annotation, Cannot use Mybatis-Plus 'xxById' Method.
2022-08-30 22:51:39.297 WARN  [APP_NAME_IS_UNDEFINED,,,] 90902 --- [                                         main] [com.baomidou.mybatisplus.core.metadata.TableInfoHelper.initTableFields:342]                         :Can not find table primary key in Class: "com.xll.data.stream.manager.domain.aggregate.system.entity.SysUserPost".
2022-08-30 22:51:39.298 WARN  [APP_NAME_IS_UNDEFINED,,,] 90902 --- [                                         main] [com.baomidou.mybatisplus.core.injector.DefaultSqlInjector.getMethodList:56]                         :class com.xll.data.stream.manager.domain.aggregate.system.entity.SysUserPost ,Not found @TableId annotation, Cannot use Mybatis-Plus 'xxById' Method.
2022-08-30 22:51:39.310 WARN  [APP_NAME_IS_UNDEFINED,,,] 90902 --- [                                         main] [com.baomidou.mybatisplus.core.metadata.TableInfoHelper.initTableFields:342]                         :Can not find table primary key in Class: "com.xll.data.stream.manager.domain.aggregate.system.entity.SysUserRole".
2022-08-30 22:51:39.311 WARN  [APP_NAME_IS_UNDEFINED,,,] 90902 --- [                                         main] [com.baomidou.mybatisplus.core.injector.DefaultSqlInjector.getMethodList:56]                         :class com.xll.data.stream.manager.domain.aggregate.system.entity.SysUserRole ,Not found @TableId annotation, Cannot use Mybatis-Plus 'xxById' Method.
2022-08-30 22:54:16.618 WARN  [APP_NAME_IS_UNDEFINED,,,] 90902 --- [                SpringApplicationShutdownHook] [org.springframework.context.annotation.CommonAnnotationBeanPostProcessor.postProcessBeforeDestruction:185] :Destroy method on bean with name 'shutdownManager' threw an exception: java.lang.ExceptionInInitializerError
2022-08-30 22:54:29.953 WARN  [APP_NAME_IS_UNDEFINED,,,] 91505 --- [                                         main] [com.baomidou.mybatisplus.core.metadata.TableInfoHelper.initTableFields:342]                         :Can not find table primary key in Class: "com.xll.data.stream.manager.domain.aggregate.system.entity.SysRoleDept".
2022-08-30 22:54:29.953 WARN  [APP_NAME_IS_UNDEFINED,,,] 91505 --- [                                         main] [com.baomidou.mybatisplus.core.injector.DefaultSqlInjector.getMethodList:56]                         :class com.xll.data.stream.manager.domain.aggregate.system.entity.SysRoleDept ,Not found @TableId annotation, Cannot use Mybatis-Plus 'xxById' Method.
2022-08-30 22:54:29.992 WARN  [APP_NAME_IS_UNDEFINED,,,] 91505 --- [                                         main] [com.baomidou.mybatisplus.core.metadata.TableInfoHelper.initTableFields:342]                         :Can not find table primary key in Class: "com.xll.data.stream.manager.domain.aggregate.system.entity.SysRoleMenu".
2022-08-30 22:54:29.993 WARN  [APP_NAME_IS_UNDEFINED,,,] 91505 --- [                                         main] [com.baomidou.mybatisplus.core.injector.DefaultSqlInjector.getMethodList:56]                         :class com.xll.data.stream.manager.domain.aggregate.system.entity.SysRoleMenu ,Not found @TableId annotation, Cannot use Mybatis-Plus 'xxById' Method.
2022-08-30 22:54:30.042 WARN  [APP_NAME_IS_UNDEFINED,,,] 91505 --- [                                         main] [com.baomidou.mybatisplus.core.metadata.TableInfoHelper.initTableFields:342]                         :Can not find table primary key in Class: "com.xll.data.stream.manager.domain.aggregate.system.entity.SysUserPost".
2022-08-30 22:54:30.042 WARN  [APP_NAME_IS_UNDEFINED,,,] 91505 --- [                                         main] [com.baomidou.mybatisplus.core.injector.DefaultSqlInjector.getMethodList:56]                         :class com.xll.data.stream.manager.domain.aggregate.system.entity.SysUserPost ,Not found @TableId annotation, Cannot use Mybatis-Plus 'xxById' Method.
2022-08-30 22:54:30.062 WARN  [APP_NAME_IS_UNDEFINED,,,] 91505 --- [                                         main] [com.baomidou.mybatisplus.core.metadata.TableInfoHelper.initTableFields:342]                         :Can not find table primary key in Class: "com.xll.data.stream.manager.domain.aggregate.system.entity.SysUserRole".
2022-08-30 22:54:30.062 WARN  [APP_NAME_IS_UNDEFINED,,,] 91505 --- [                                         main] [com.baomidou.mybatisplus.core.injector.DefaultSqlInjector.getMethodList:56]                         :class com.xll.data.stream.manager.domain.aggregate.system.entity.SysUserRole ,Not found @TableId annotation, Cannot use Mybatis-Plus 'xxById' Method.
2022-08-30 22:55:05.077 WARN  [APP_NAME_IS_UNDEFINED,,,] 91505 --- [                SpringApplicationShutdownHook] [org.springframework.context.annotation.CommonAnnotationBeanPostProcessor.postProcessBeforeDestruction:185] :Destroy method on bean with name 'shutdownManager' threw an exception: java.lang.ExceptionInInitializerError
