2022-08-30 20:48:33.093 INFO  [APP_NAME_IS_UNDEFINED,,,] 35940 --- [                SpringApplicationShutdownHook] [sys-user.shutdownAsyncManager:31]                                                                   :====关闭后台任务任务线程池====
2022-08-30 21:01:54.203 INFO  [APP_NAME_IS_UNDEFINED,,,] 67334 --- [                              schedule-pool-1] [sys-user.run:55]                                                                                    :[127.0.0.1]内网IP[admin][Error][Invalid bound statement (not found): com.xll.data.stream.manager.domain.aggregate.system.mapper.SysUserMapper.selectUserByUserName]
2022-08-30 21:02:12.695 INFO  [APP_NAME_IS_UNDEFINED,,,] 67334 --- [                SpringApplicationShutdownHook] [sys-user.shutdownAsyncManager:31]                                                                   :====关闭后台任务任务线程池====
2022-08-30 21:14:40.106 INFO  [APP_NAME_IS_UNDEFINED,,,] 70193 --- [                                         main] [sys-user.shutdownAsyncManager:31]                                                                   :====关闭后台任务任务线程池====
2022-08-30 21:16:19.347 INFO  [APP_NAME_IS_UNDEFINED,,,] 70429 --- [                              schedule-pool-1] [sys-user.run:55]                                                                                    :[127.0.0.1]内网IP[admin][Error][Invalid bound statement (not found): com.xll.data.stream.manager.domain.aggregate.system.mapper.SysUserMapper.selectUserByUserName]
2022-08-30 21:16:36.668 INFO  [APP_NAME_IS_UNDEFINED,,,] 70429 --- [                SpringApplicationShutdownHook] [sys-user.shutdownAsyncManager:31]                                                                   :====关闭后台任务任务线程池====
2022-08-30 21:22:52.882 INFO  [APP_NAME_IS_UNDEFINED,,,] 71900 --- [                              schedule-pool-1] [sys-user.run:55]                                                                                    :[127.0.0.1]内网IP[admin][Error][验证码已失效]
2022-08-30 21:23:10.249 INFO  [APP_NAME_IS_UNDEFINED,,,] 71900 --- [                              schedule-pool-1] [sys-user.run:55]                                                                                    :[127.0.0.1]内网IP[admin][Error][
### Error querying database.  Cause: java.sql.SQLSyntaxErrorException: Unknown column 'u.phone' in 'field list'
### The error may exist in file [/Users/xuliangliang/study_project/xll-data-stream-manager/target/classes/mapper/SysUserMapper.xml]
### The error may involve com.xll.data.stream.manager.domain.aggregate.system.mapper.SysUserMapper.selectUserByUserName-Inline
### The error occurred while setting parameters
### SQL: select u.user_id, u.dept_id, u.user_name, u.nick_name, u.email, u.avatar, u.phone, u.password, u.sex, u.status, u.del_flag, u.login_ip, u.login_date, u.create_by, u.create_time, u.remark,       d.dept_id, d.parent_id, d.ancestors, d.dept_name, d.order_num, d.leader, d.status as dept_status,       r.role_id, r.role_name, r.role_key, r.role_sort, r.data_scope, r.status as role_status   from sys_user u      left join sys_dept d on u.dept_id = d.dept_id      left join sys_user_role ur on u.user_id = ur.user_id      left join sys_role r on r.role_id = ur.role_id      where u.user_name = ?
### Cause: java.sql.SQLSyntaxErrorException: Unknown column 'u.phone' in 'field list'
; bad SQL grammar []; nested exception is java.sql.SQLSyntaxErrorException: Unknown column 'u.phone' in 'field list']
2022-08-30 21:29:08.440 INFO  [APP_NAME_IS_UNDEFINED,,,] 71900 --- [                SpringApplicationShutdownHook] [sys-user.shutdownAsyncManager:31]                                                                   :====关闭后台任务任务线程池====
2022-08-30 21:30:35.848 INFO  [APP_NAME_IS_UNDEFINED,,,] 73445 --- [                              schedule-pool-1] [sys-user.run:55]                                                                                    :[127.0.0.1]内网IP[admin][Success][登录成功]
2022-08-30 21:45:12.898 INFO  [APP_NAME_IS_UNDEFINED,,,] 73445 --- [                SpringApplicationShutdownHook] [sys-user.shutdownAsyncManager:31]                                                                   :====关闭后台任务任务线程池====
2022-08-30 21:48:23.465 INFO  [APP_NAME_IS_UNDEFINED,,,] 76649 --- [                SpringApplicationShutdownHook] [sys-user.shutdownAsyncManager:31]                                                                   :====关闭后台任务任务线程池====
2022-08-30 22:00:43.692 INFO  [APP_NAME_IS_UNDEFINED,,,] 77355 --- [                SpringApplicationShutdownHook] [sys-user.shutdownAsyncManager:31]                                                                   :====关闭后台任务任务线程池====
2022-08-30 22:08:42.166 INFO  [APP_NAME_IS_UNDEFINED,,,] 80168 --- [                SpringApplicationShutdownHook] [sys-user.shutdownAsyncManager:31]                                                                   :====关闭后台任务任务线程池====
2022-08-30 22:16:43.266 INFO  [APP_NAME_IS_UNDEFINED,,,] 81994 --- [                SpringApplicationShutdownHook] [sys-user.shutdownAsyncManager:31]                                                                   :====关闭后台任务任务线程池====
2022-08-30 22:23:30.959 INFO  [APP_NAME_IS_UNDEFINED,,,] 84003 --- [                SpringApplicationShutdownHook] [sys-user.shutdownAsyncManager:31]                                                                   :====关闭后台任务任务线程池====
2022-08-30 22:26:44.815 INFO  [APP_NAME_IS_UNDEFINED,,,] 84986 --- [                SpringApplicationShutdownHook] [sys-user.shutdownAsyncManager:31]                                                                   :====关闭后台任务任务线程池====
2022-08-30 22:29:34.676 INFO  [APP_NAME_IS_UNDEFINED,,,] 85692 --- [                SpringApplicationShutdownHook] [sys-user.shutdownAsyncManager:31]                                                                   :====关闭后台任务任务线程池====
2022-08-30 22:32:14.127 INFO  [APP_NAME_IS_UNDEFINED,,,] 86328 --- [                SpringApplicationShutdownHook] [sys-user.shutdownAsyncManager:31]                                                                   :====关闭后台任务任务线程池====
2022-08-30 22:43:45.797 INFO  [APP_NAME_IS_UNDEFINED,,,] 89113 --- [                SpringApplicationShutdownHook] [sys-user.shutdownAsyncManager:31]                                                                   :====关闭后台任务任务线程池====
2022-08-30 22:54:16.610 INFO  [APP_NAME_IS_UNDEFINED,,,] 90902 --- [                SpringApplicationShutdownHook] [sys-user.shutdownAsyncManager:31]                                                                   :====关闭后台任务任务线程池====
2022-08-30 22:55:05.070 INFO  [APP_NAME_IS_UNDEFINED,,,] 91505 --- [                SpringApplicationShutdownHook] [sys-user.shutdownAsyncManager:31]                                                                   :====关闭后台任务任务线程池====
